This is pdfTeX, Version 3.14159265-2.6-1.40.20 (MiKTeX 2.9.7140 64-bit) (preloaded format=pdflatex 2019.9.24)  18 OCT 2019 11:40
entering extended mode
**./thesis.tex
(thesis.tex
LaTeX2e <2018-12-01>

("C:\Users\Josh Johnson\AppData\Local\Programs\MiKTeX 2.9\tex/latex/base\articl
e.cls"
Document Class: article 2018/09/03 v1.4i Standard LaTeX document class

("C:\Users\Josh Johnson\AppData\Local\Programs\MiKTeX 2.9\tex/latex/base\size12
.clo"
File: size12.clo 2018/09/03 v1.4i Standard LaTeX file (size option)
)
\c@part=\count80
\c@section=\count81
\c@subsection=\count82
\c@subsubsection=\count83
\c@paragraph=\count84
\c@subparagraph=\count85
\c@figure=\count86
\c@table=\count87
\abovecaptionskip=\skip41
\belowcaptionskip=\skip42
\bibindent=\dimen102
) (header-footer/packages.tex
("C:\Users\Josh Johnson\AppData\Local\Programs\MiKTeX 2.9\tex/latex/base\inpute
nc.sty"
Package: inputenc 2018/08/11 v1.3c Input encoding file
\inpenc@prehook=\toks14
\inpenc@posthook=\toks15
)
("C:\Users\Josh Johnson\AppData\Local\Programs\MiKTeX 2.9\tex/latex/xcolor\xcol
or.sty"
Package: xcolor 2016/05/11 v2.12 LaTeX color extensions (UK)

("C:\Users\Josh Johnson\AppData\Local\Programs\MiKTeX 2.9\tex/latex/graphics-cf
g\color.cfg"
File: color.cfg 2016/01/02 v1.6 sample color configuration
)
Package xcolor Info: Driver file: pdftex.def on input line 225.

("C:\Users\Josh Johnson\AppData\Local\Programs\MiKTeX 2.9\tex/latex/graphics-de
f\pdftex.def"
File: pdftex.def 2018/01/08 v1.0l Graphics/color driver for pdftex
)
("C:\Users\Josh Johnson\AppData\Local\Programs\MiKTeX 2.9\tex/latex/colortbl\co
lortbl.sty"
Package: colortbl 2018/12/12 v1.0d Color table columns (DPC)

("C:\Users\Josh Johnson\AppData\Local\Programs\MiKTeX 2.9\tex/latex/tools\array
.sty"
Package: array 2018/12/30 v2.4k Tabular extension package (FMi)
\col@sep=\dimen103
\ar@mcellbox=\box27
\extrarowheight=\dimen104
\NC@list=\toks16
\extratabsurround=\skip43
\backup@length=\skip44
\ar@cellbox=\box28
)
\everycr=\toks17
\minrowclearance=\skip45
)
\rownum=\count88
Package xcolor Info: Model `cmy' substituted by `cmy0' on input line 1348.
Package xcolor Info: Model `hsb' substituted by `rgb' on input line 1352.
Package xcolor Info: Model `RGB' extended on input line 1364.
Package xcolor Info: Model `HTML' substituted by `rgb' on input line 1366.
Package xcolor Info: Model `Hsb' substituted by `hsb' on input line 1367.
Package xcolor Info: Model `tHsb' substituted by `hsb' on input line 1368.
Package xcolor Info: Model `HSB' substituted by `hsb' on input line 1369.
Package xcolor Info: Model `Gray' substituted by `gray' on input line 1370.
Package xcolor Info: Model `wave' substituted by `hsb' on input line 1371.

("C:\Users\Josh Johnson\AppData\Local\Programs\MiKTeX 2.9\tex/latex/graphics\dv
ipsnam.def"
File: dvipsnam.def 2016/06/17 v3.0m Driver-dependent file (DPC,SPQR)
)
("C:\Users\Josh Johnson\AppData\Local\Programs\MiKTeX 2.9\tex/latex/xcolor\svgn
am.def"
File: svgnam.def 2016/05/11 v2.12 Predefined colors according to SVG 1.1 (UK)
)
("C:\Users\Josh Johnson\AppData\Local\Programs\MiKTeX 2.9\tex/latex/xcolor\x11n
am.def"
File: x11nam.def 2016/05/11 v2.12 Predefined colors according to Unix/X11 (UK)
))
("C:\Users\Josh Johnson\AppData\Local\Programs\MiKTeX 2.9\tex/latex/adjustbox\a
djustbox.sty"
Package: adjustbox 2019/01/04 v1.2 Adjusting TeX boxes (trim, clip, ...)

("C:\Users\Josh Johnson\AppData\Local\Programs\MiKTeX 2.9\tex/latex/xkeyval\xke
yval.sty"
Package: xkeyval 2014/12/03 v2.7a package option processing (HA)

("C:\Users\Josh Johnson\AppData\Local\Programs\MiKTeX 2.9\tex/generic/xkeyval\x
keyval.tex"
("C:\Users\Josh Johnson\AppData\Local\Programs\MiKTeX 2.9\tex/generic/xkeyval\x
kvutils.tex"
\XKV@toks=\toks18
\XKV@tempa@toks=\toks19

("C:\Users\Josh Johnson\AppData\Local\Programs\MiKTeX 2.9\tex/generic/xkeyval\k
eyval.tex"))
\XKV@depth=\count89
File: xkeyval.tex 2014/12/03 v2.7a key=value parser (HA)
))
("C:\Users\Josh Johnson\AppData\Local\Programs\MiKTeX 2.9\tex/latex/adjustbox\a
djcalc.sty"
Package: adjcalc 2012/05/16 v1.1 Provides advanced setlength with multiple back
-ends (calc, etex, pgfmath)
)
("C:\Users\Josh Johnson\AppData\Local\Programs\MiKTeX 2.9\tex/latex/adjustbox\t
rimclip.sty"
Package: trimclip 2018/04/08 v1.1 Trim and clip general TeX material

("C:\Users\Josh Johnson\AppData\Local\Programs\MiKTeX 2.9\tex/latex/graphics\gr
aphicx.sty"
Package: graphicx 2017/06/01 v1.1a Enhanced LaTeX Graphics (DPC,SPQR)

("C:\Users\Josh Johnson\AppData\Local\Programs\MiKTeX 2.9\tex/latex/graphics\gr
aphics.sty"
Package: graphics 2017/06/25 v1.2c Standard LaTeX Graphics (DPC,SPQR)

("C:\Users\Josh Johnson\AppData\Local\Programs\MiKTeX 2.9\tex/latex/graphics\tr
ig.sty"
Package: trig 2016/01/03 v1.10 sin cos tan (DPC)
)
("C:\Users\Josh Johnson\AppData\Local\Programs\MiKTeX 2.9\tex/latex/graphics-cf
g\graphics.cfg"
File: graphics.cfg 2016/06/04 v1.11 sample graphics configuration
)
Package graphics Info: Driver file: pdftex.def on input line 99.
)
\Gin@req@height=\dimen105
\Gin@req@width=\dimen106
)
("C:\Users\Josh Johnson\AppData\Local\Programs\MiKTeX 2.9\tex/latex/collectbox\
collectbox.sty"
Package: collectbox 2012/05/17 v0.4b Collect macro arguments as boxes
\collectedbox=\box29
)
\tc@llx=\dimen107
\tc@lly=\dimen108
\tc@urx=\dimen109
\tc@ury=\dimen110
Package trimclip Info: Using driver 'tc-pdftex.def'.

("C:\Users\Josh Johnson\AppData\Local\Programs\MiKTeX 2.9\tex/latex/adjustbox\t
c-pdftex.def"
File: tc-pdftex.def 2019/01/04 v2.2 Clipping driver for pdftex
))
\adjbox@Width=\dimen111
\adjbox@Height=\dimen112
\adjbox@Depth=\dimen113
\adjbox@Totalheight=\dimen114
\adjbox@pwidth=\dimen115
\adjbox@pheight=\dimen116
\adjbox@pdepth=\dimen117
\adjbox@ptotalheight=\dimen118

("C:\Users\Josh Johnson\AppData\Local\Programs\MiKTeX 2.9\tex/latex/ifoddpage\i
foddpage.sty"
Package: ifoddpage 2016/04/23 v1.1 Conditionals for odd/even page detection
\c@checkoddpage=\count90
)
("C:\Users\Josh Johnson\AppData\Local\Programs\MiKTeX 2.9\tex/latex/varwidth\va
rwidth.sty"
Package: varwidth 2009/03/30 ver 0.92;  Variable-width minipages
\@vwid@box=\box30
\sift@deathcycles=\count91
\@vwid@loff=\dimen119
\@vwid@roff=\dimen120
))
("C:\Users\Josh Johnson\AppData\Local\Programs\MiKTeX 2.9\tex/latex/tools\after
page.sty"
Package: afterpage 2014/10/28 v1.08 After-Page Package (DPC)
\AP@output=\toks20
\AP@partial=\box31
\AP@footins=\box32
)
("C:\Users\Josh Johnson\AppData\Local\Programs\MiKTeX 2.9\tex/latex/placeins\pl
aceins.sty"
Package: placeins 2005/04/18  v 2.2
)
("C:\Users\Josh Johnson\AppData\Local\Programs\MiKTeX 2.9\tex/latex/pdfpages\pd
fpages.sty"
Package: pdfpages 2017/10/31 v0.5l Insert pages of external PDF documents (AM)

("C:\Users\Josh Johnson\AppData\Local\Programs\MiKTeX 2.9\tex/latex/base\ifthen
.sty"
Package: ifthen 2014/09/29 v1.1c Standard LaTeX ifthen package (DPC)
)
("C:\Users\Josh Johnson\AppData\Local\Programs\MiKTeX 2.9\tex/latex/tools\calc.
sty"
Package: calc 2017/05/25 v4.3 Infix arithmetic (KKT,FJ)
\calc@Acount=\count92
\calc@Bcount=\count93
\calc@Adimen=\dimen121
\calc@Bdimen=\dimen122
\calc@Askip=\skip46
\calc@Bskip=\skip47
LaTeX Info: Redefining \setlength on input line 80.
LaTeX Info: Redefining \addtolength on input line 81.
\calc@Ccount=\count94
\calc@Cskip=\skip48
)
("C:\Users\Josh Johnson\AppData\Local\Programs\MiKTeX 2.9\tex/latex/eso-pic\eso
-pic.sty"
Package: eso-pic 2018/04/12 v2.0h eso-pic (RN)

("C:\Users\Josh Johnson\AppData\Local\Programs\MiKTeX 2.9\tex/generic/oberdiek\
atbegshi.sty"
Package: atbegshi 2016/06/09 v1.18 At begin shipout hook (HO)

("C:\Users\Josh Johnson\AppData\Local\Programs\MiKTeX 2.9\tex/generic/oberdiek\
infwarerr.sty"
Package: infwarerr 2016/05/16 v1.4 Providing info/warning/error messages (HO)
)
("C:\Users\Josh Johnson\AppData\Local\Programs\MiKTeX 2.9\tex/generic/oberdiek\
ltxcmds.sty"
Package: ltxcmds 2016/05/16 v1.23 LaTeX kernel commands for general use (HO)
)
("C:\Users\Josh Johnson\AppData\Local\Programs\MiKTeX 2.9\tex/generic/oberdiek\
ifpdf.sty"
Package: ifpdf 2018/09/07 v3.3 Provides the ifpdf switch
)))
\AM@pagewidth=\dimen123
\AM@pageheight=\dimen124

("C:\Users\Josh Johnson\AppData\Local\Programs\MiKTeX 2.9\tex/latex/pdfpages\pp
pdftex.def"
File: pppdftex.def 2017/10/31 v0.5l Pdfpages driver for pdfTeX (AM)
)
\AM@pagebox=\box33
\AM@global@opts=\toks21
\AM@toc@title=\toks22
\c@AM@survey=\count95
\AM@templatesizebox=\box34
)
("C:\Users\Josh Johnson\AppData\Local\Programs\MiKTeX 2.9\tex/latex/algorithm2e
\algorithm2e.sty"
Package: algorithm2e 2017/07/18 v5.2 algorithms environments
\c@AlgoLine=\count96
\algocf@hangindent=\skip49

("C:\Users\Josh Johnson\AppData\Local\Programs\MiKTeX 2.9\tex/latex/tools\xspac
e.sty"
Package: xspace 2014/10/28 v1.13 Space after command names (DPC,MH)
)
("C:\Users\Josh Johnson\AppData\Local\Programs\MiKTeX 2.9\tex/latex/relsize\rel
size.sty"
Package: relsize 2013/03/29 ver 4.1
)
\skiptotal=\skip50
\skiplinenumber=\skip51
\skiprule=\skip52
\skiphlne=\skip53
\skiptext=\skip54
\skiplength=\skip55
\algomargin=\skip56
\skipalgocfslide=\skip57
\algowidth=\dimen125
\inoutsize=\dimen126
\inoutindent=\dimen127
\interspacetitleruled=\dimen128
\interspacealgoruled=\dimen129
\interspacetitleboxruled=\dimen130
\algocf@ruledwidth=\skip58
\algocf@inoutbox=\box35
\algocf@inputbox=\box36
\AlCapSkip=\skip59
\AlCapHSkip=\skip60
\algoskipindent=\skip61
\algocf@nlbox=\box37
\algocf@hangingbox=\box38
\algocf@untilbox=\box39
\algocf@skipuntil=\skip62
\algocf@capbox=\box40
\algocf@lcaptionbox=\skip63
\algoheightruledefault=\skip64
\algoheightrule=\skip65
\algotitleheightruledefault=\skip66
\algotitleheightrule=\skip67
\c@algocfline=\count97
\c@algocfproc=\count98
\c@algocf=\count99
\algocf@algoframe=\box41
\algocf@algobox=\box42
)
("C:\Users\Josh Johnson\AppData\Local\Programs\MiKTeX 2.9\tex/latex/booktabs\bo
oktabs.sty"
Package: booktabs 2005/04/14 v1.61803 publication quality tables
\heavyrulewidth=\dimen131
\lightrulewidth=\dimen132
\cmidrulewidth=\dimen133
\belowrulesep=\dimen134
\belowbottomsep=\dimen135
\aboverulesep=\dimen136
\abovetopsep=\dimen137
\cmidrulesep=\dimen138
\cmidrulekern=\dimen139
\defaultaddspace=\dimen140
\@cmidla=\count100
\@cmidlb=\count101
\@aboverulesep=\dimen141
\@belowrulesep=\dimen142
\@thisruleclass=\count102
\@lastruleclass=\count103
\@thisrulewidth=\dimen143
)
("C:\Users\Josh Johnson\AppData\Local\Programs\MiKTeX 2.9\tex/latex/tcolorbox\t
colorbox.sty"
Package: tcolorbox 2019/03/02 version 4.20 text color boxes

("C:\Users\Josh Johnson\AppData\Local\Programs\MiKTeX 2.9\tex/latex/pgf/basicla
yer\pgf.sty"
("C:\Users\Josh Johnson\AppData\Local\Programs\MiKTeX 2.9\tex/latex/pgf/utiliti
es\pgfrcs.sty"
("C:\Users\Josh Johnson\AppData\Local\Programs\MiKTeX 2.9\tex/generic/pgf/utili
ties\pgfutil-common.tex"
\pgfutil@everybye=\toks23
\pgfutil@tempdima=\dimen144
\pgfutil@tempdimb=\dimen145

("C:\Users\Josh Johnson\AppData\Local\Programs\MiKTeX 2.9\tex/generic/pgf/utili
ties\pgfutil-common-lists.tex"))
("C:\Users\Josh Johnson\AppData\Local\Programs\MiKTeX 2.9\tex/generic/pgf/utili
ties\pgfutil-latex.def"
\pgfutil@abb=\box43

("C:\Users\Josh Johnson\AppData\Local\Programs\MiKTeX 2.9\tex/latex/ms\everyshi
.sty"
Package: everyshi 2001/05/15 v3.00 EveryShipout Package (MS)
))
("C:\Users\Josh Johnson\AppData\Local\Programs\MiKTeX 2.9\tex/generic/pgf/utili
ties\pgfrcs.code.tex"
("C:\Users\Josh Johnson\AppData\Local\Programs\MiKTeX 2.9\tex/generic/pgf\pgf.r
evision.tex")
Package: pgfrcs 2019/08/03 v3.1.4b (3.1.4b)
))
Package: pgf 2019/08/03 v3.1.4b (3.1.4b)

("C:\Users\Josh Johnson\AppData\Local\Programs\MiKTeX 2.9\tex/latex/pgf/basicla
yer\pgfcore.sty"
("C:\Users\Josh Johnson\AppData\Local\Programs\MiKTeX 2.9\tex/latex/pgf/systeml
ayer\pgfsys.sty"
("C:\Users\Josh Johnson\AppData\Local\Programs\MiKTeX 2.9\tex/generic/pgf/syste
mlayer\pgfsys.code.tex"
Package: pgfsys 2019/08/03 v3.1.4b (3.1.4b)

("C:\Users\Josh Johnson\AppData\Local\Programs\MiKTeX 2.9\tex/generic/pgf/utili
ties\pgfkeys.code.tex"
\pgfkeys@pathtoks=\toks24
\pgfkeys@temptoks=\toks25

("C:\Users\Josh Johnson\AppData\Local\Programs\MiKTeX 2.9\tex/generic/pgf/utili
ties\pgfkeysfiltered.code.tex"
\pgfkeys@tmptoks=\toks26
))
\pgf@x=\dimen146
\pgf@y=\dimen147
\pgf@xa=\dimen148
\pgf@ya=\dimen149
\pgf@xb=\dimen150
\pgf@yb=\dimen151
\pgf@xc=\dimen152
\pgf@yc=\dimen153
\pgf@xd=\dimen154
\pgf@yd=\dimen155
\w@pgf@writea=\write3
\r@pgf@reada=\read1
\c@pgf@counta=\count104
\c@pgf@countb=\count105
\c@pgf@countc=\count106
\c@pgf@countd=\count107
\t@pgf@toka=\toks27
\t@pgf@tokb=\toks28
\t@pgf@tokc=\toks29
\pgf@sys@id@count=\count108

("C:\Users\Josh Johnson\AppData\Local\Programs\MiKTeX 2.9\tex/generic/pgf/syste
mlayer\pgf.cfg"
File: pgf.cfg 2019/08/03 v3.1.4b (3.1.4b)
)
Driver file for pgf: pgfsys-pdftex.def

("C:\Users\Josh Johnson\AppData\Local\Programs\MiKTeX 2.9\tex/generic/pgf/syste
mlayer\pgfsys-pdftex.def"
File: pgfsys-pdftex.def 2019/08/03 v3.1.4b (3.1.4b)

("C:\Users\Josh Johnson\AppData\Local\Programs\MiKTeX 2.9\tex/generic/pgf/syste
mlayer\pgfsys-common-pdf.def"
File: pgfsys-common-pdf.def 2019/08/03 v3.1.4b (3.1.4b)
)))
("C:\Users\Josh Johnson\AppData\Local\Programs\MiKTeX 2.9\tex/generic/pgf/syste
mlayer\pgfsyssoftpath.code.tex"
File: pgfsyssoftpath.code.tex 2019/08/03 v3.1.4b (3.1.4b)
\pgfsyssoftpath@smallbuffer@items=\count109
\pgfsyssoftpath@bigbuffer@items=\count110
)
("C:\Users\Josh Johnson\AppData\Local\Programs\MiKTeX 2.9\tex/generic/pgf/syste
mlayer\pgfsysprotocol.code.tex"
File: pgfsysprotocol.code.tex 2019/08/03 v3.1.4b (3.1.4b)
))
("C:\Users\Josh Johnson\AppData\Local\Programs\MiKTeX 2.9\tex/generic/pgf/basic
layer\pgfcore.code.tex"
Package: pgfcore 2019/08/03 v3.1.4b (3.1.4b)

("C:\Users\Josh Johnson\AppData\Local\Programs\MiKTeX 2.9\tex/generic/pgf/math\
pgfmath.code.tex"
("C:\Users\Josh Johnson\AppData\Local\Programs\MiKTeX 2.9\tex/generic/pgf/math\
pgfmathcalc.code.tex"
("C:\Users\Josh Johnson\AppData\Local\Programs\MiKTeX 2.9\tex/generic/pgf/math\
pgfmathutil.code.tex")
("C:\Users\Josh Johnson\AppData\Local\Programs\MiKTeX 2.9\tex/generic/pgf/math\
pgfmathparser.code.tex"
\pgfmath@dimen=\dimen156
\pgfmath@count=\count111
\pgfmath@box=\box44
\pgfmath@toks=\toks30
\pgfmath@stack@operand=\toks31
\pgfmath@stack@operation=\toks32
)
("C:\Users\Josh Johnson\AppData\Local\Programs\MiKTeX 2.9\tex/generic/pgf/math\
pgfmathfunctions.code.tex"
("C:\Users\Josh Johnson\AppData\Local\Programs\MiKTeX 2.9\tex/generic/pgf/math\
pgfmathfunctions.basic.code.tex")
("C:\Users\Josh Johnson\AppData\Local\Programs\MiKTeX 2.9\tex/generic/pgf/math\
pgfmathfunctions.trigonometric.code.tex")
("C:\Users\Josh Johnson\AppData\Local\Programs\MiKTeX 2.9\tex/generic/pgf/math\
pgfmathfunctions.random.code.tex")
("C:\Users\Josh Johnson\AppData\Local\Programs\MiKTeX 2.9\tex/generic/pgf/math\
pgfmathfunctions.comparison.code.tex")
("C:\Users\Josh Johnson\AppData\Local\Programs\MiKTeX 2.9\tex/generic/pgf/math\
pgfmathfunctions.base.code.tex")
("C:\Users\Josh Johnson\AppData\Local\Programs\MiKTeX 2.9\tex/generic/pgf/math\
pgfmathfunctions.round.code.tex")
("C:\Users\Josh Johnson\AppData\Local\Programs\MiKTeX 2.9\tex/generic/pgf/math\
pgfmathfunctions.misc.code.tex")
("C:\Users\Josh Johnson\AppData\Local\Programs\MiKTeX 2.9\tex/generic/pgf/math\
pgfmathfunctions.integerarithmetics.code.tex")))
("C:\Users\Josh Johnson\AppData\Local\Programs\MiKTeX 2.9\tex/generic/pgf/math\
pgfmathfloat.code.tex"
\c@pgfmathroundto@lastzeros=\count112
))
("C:\Users\Josh Johnson\AppData\Local\Programs\MiKTeX 2.9\tex/generic/pgf/math\
pgfint.code.tex")
("C:\Users\Josh Johnson\AppData\Local\Programs\MiKTeX 2.9\tex/generic/pgf/basic
layer\pgfcorepoints.code.tex"
File: pgfcorepoints.code.tex 2019/08/03 v3.1.4b (3.1.4b)
\pgf@picminx=\dimen157
\pgf@picmaxx=\dimen158
\pgf@picminy=\dimen159
\pgf@picmaxy=\dimen160
\pgf@pathminx=\dimen161
\pgf@pathmaxx=\dimen162
\pgf@pathminy=\dimen163
\pgf@pathmaxy=\dimen164
\pgf@xx=\dimen165
\pgf@xy=\dimen166
\pgf@yx=\dimen167
\pgf@yy=\dimen168
\pgf@zx=\dimen169
\pgf@zy=\dimen170
)
("C:\Users\Josh Johnson\AppData\Local\Programs\MiKTeX 2.9\tex/generic/pgf/basic
layer\pgfcorepathconstruct.code.tex"
File: pgfcorepathconstruct.code.tex 2019/08/03 v3.1.4b (3.1.4b)
\pgf@path@lastx=\dimen171
\pgf@path@lasty=\dimen172
)
("C:\Users\Josh Johnson\AppData\Local\Programs\MiKTeX 2.9\tex/generic/pgf/basic
layer\pgfcorepathusage.code.tex"
File: pgfcorepathusage.code.tex 2019/08/03 v3.1.4b (3.1.4b)
\pgf@shorten@end@additional=\dimen173
\pgf@shorten@start@additional=\dimen174
)
("C:\Users\Josh Johnson\AppData\Local\Programs\MiKTeX 2.9\tex/generic/pgf/basic
layer\pgfcorescopes.code.tex"
File: pgfcorescopes.code.tex 2019/08/03 v3.1.4b (3.1.4b)
\pgfpic=\box45
\pgf@hbox=\box46
\pgf@layerbox@main=\box47
\pgf@picture@serial@count=\count113
)
("C:\Users\Josh Johnson\AppData\Local\Programs\MiKTeX 2.9\tex/generic/pgf/basic
layer\pgfcoregraphicstate.code.tex"
File: pgfcoregraphicstate.code.tex 2019/08/03 v3.1.4b (3.1.4b)
\pgflinewidth=\dimen175
)
("C:\Users\Josh Johnson\AppData\Local\Programs\MiKTeX 2.9\tex/generic/pgf/basic
layer\pgfcoretransformations.code.tex"
File: pgfcoretransformations.code.tex 2019/08/03 v3.1.4b (3.1.4b)
\pgf@pt@x=\dimen176
\pgf@pt@y=\dimen177
\pgf@pt@temp=\dimen178
)
("C:\Users\Josh Johnson\AppData\Local\Programs\MiKTeX 2.9\tex/generic/pgf/basic
layer\pgfcorequick.code.tex"
File: pgfcorequick.code.tex 2019/08/03 v3.1.4b (3.1.4b)
)
("C:\Users\Josh Johnson\AppData\Local\Programs\MiKTeX 2.9\tex/generic/pgf/basic
layer\pgfcoreobjects.code.tex"
File: pgfcoreobjects.code.tex 2019/08/03 v3.1.4b (3.1.4b)
)
("C:\Users\Josh Johnson\AppData\Local\Programs\MiKTeX 2.9\tex/generic/pgf/basic
layer\pgfcorepathprocessing.code.tex"
File: pgfcorepathprocessing.code.tex 2019/08/03 v3.1.4b (3.1.4b)
)
("C:\Users\Josh Johnson\AppData\Local\Programs\MiKTeX 2.9\tex/generic/pgf/basic
layer\pgfcorearrows.code.tex"
File: pgfcorearrows.code.tex 2019/08/03 v3.1.4b (3.1.4b)
\pgfarrowsep=\dimen179
)
("C:\Users\Josh Johnson\AppData\Local\Programs\MiKTeX 2.9\tex/generic/pgf/basic
layer\pgfcoreshade.code.tex"
File: pgfcoreshade.code.tex 2019/08/03 v3.1.4b (3.1.4b)
\pgf@max=\dimen180
\pgf@sys@shading@range@num=\count114
\pgf@shadingcount=\count115
)
("C:\Users\Josh Johnson\AppData\Local\Programs\MiKTeX 2.9\tex/generic/pgf/basic
layer\pgfcoreimage.code.tex"
File: pgfcoreimage.code.tex 2019/08/03 v3.1.4b (3.1.4b)

("C:\Users\Josh Johnson\AppData\Local\Programs\MiKTeX 2.9\tex/generic/pgf/basic
layer\pgfcoreexternal.code.tex"
File: pgfcoreexternal.code.tex 2019/08/03 v3.1.4b (3.1.4b)
\pgfexternal@startupbox=\box48
))
("C:\Users\Josh Johnson\AppData\Local\Programs\MiKTeX 2.9\tex/generic/pgf/basic
layer\pgfcorelayers.code.tex"
File: pgfcorelayers.code.tex 2019/08/03 v3.1.4b (3.1.4b)
)
("C:\Users\Josh Johnson\AppData\Local\Programs\MiKTeX 2.9\tex/generic/pgf/basic
layer\pgfcoretransparency.code.tex"
File: pgfcoretransparency.code.tex 2019/08/03 v3.1.4b (3.1.4b)
)
("C:\Users\Josh Johnson\AppData\Local\Programs\MiKTeX 2.9\tex/generic/pgf/basic
layer\pgfcorepatterns.code.tex"
File: pgfcorepatterns.code.tex 2019/08/03 v3.1.4b (3.1.4b)
)
("C:\Users\Josh Johnson\AppData\Local\Programs\MiKTeX 2.9\tex/generic/pgf/basic
layer\pgfcorerdf.code.tex"
File: pgfcorerdf.code.tex 2019/08/03 v3.1.4b (3.1.4b)
)))
("C:\Users\Josh Johnson\AppData\Local\Programs\MiKTeX 2.9\tex/generic/pgf/modul
es\pgfmoduleshapes.code.tex"
File: pgfmoduleshapes.code.tex 2019/08/03 v3.1.4b (3.1.4b)
\pgfnodeparttextbox=\box49
)
("C:\Users\Josh Johnson\AppData\Local\Programs\MiKTeX 2.9\tex/generic/pgf/modul
es\pgfmoduleplot.code.tex"
File: pgfmoduleplot.code.tex 2019/08/03 v3.1.4b (3.1.4b)
)
("C:\Users\Josh Johnson\AppData\Local\Programs\MiKTeX 2.9\tex/latex/pgf/compati
bility\pgfcomp-version-0-65.sty"
Package: pgfcomp-version-0-65 2019/08/03 v3.1.4b (3.1.4b)
\pgf@nodesepstart=\dimen181
\pgf@nodesepend=\dimen182
)
("C:\Users\Josh Johnson\AppData\Local\Programs\MiKTeX 2.9\tex/latex/pgf/compati
bility\pgfcomp-version-1-18.sty"
Package: pgfcomp-version-1-18 2019/08/03 v3.1.4b (3.1.4b)
))
("C:\Users\Josh Johnson\AppData\Local\Programs\MiKTeX 2.9\tex/latex/tools\verba
tim.sty"
Package: verbatim 2014/10/28 v1.5q LaTeX2e package for verbatim enhancements
\every@verbatim=\toks33
\verbatim@line=\toks34
\verbatim@in@stream=\read2
)
("C:\Users\Josh Johnson\AppData\Local\Programs\MiKTeX 2.9\tex/latex/environ\env
iron.sty"
Package: environ 2014/05/04 v0.3 A new way to define environments

("C:\Users\Josh Johnson\AppData\Local\Programs\MiKTeX 2.9\tex/latex/trimspaces\
trimspaces.sty"
Package: trimspaces 2009/09/17 v1.1 Trim spaces around a token list
)
\@envbody=\toks35
)
("C:\Users\Josh Johnson\AppData\Local\Programs\MiKTeX 2.9\tex/latex/etoolbox\et
oolbox.sty"
Package: etoolbox 2019/09/09 v2.5g e-TeX tools for LaTeX (JAW)
\etb@tempcnta=\count116
)
\tcb@titlebox=\box50
\tcb@upperbox=\box51
\tcb@lowerbox=\box52
\tcb@phantombox=\box53
\c@tcbbreakpart=\count117
\c@tcblayer=\count118
\tcolorbox@number=\count119
\tcb@temp=\box54
\tcb@temp=\box55
\tcb@temp=\box56
\tcb@temp=\box57
\tcb@out=\write4
\tcb@record@out=\write5

("C:\Users\Josh Johnson\AppData\Local\Programs\MiKTeX 2.9\tex/latex/tcolorbox\t
cbraster.code.tex"
Library (tcolorbox): 'tcbraster.code.tex' version '4.20'
\c@tcbrastercolumn=\count120
\c@tcbrasterrow=\count121
\c@tcbraster=\count122
)
("C:\Users\Josh Johnson\AppData\Local\Programs\MiKTeX 2.9\tex/latex/tcolorbox\t
cbskins.code.tex"
Library (tcolorbox): 'tcbskins.code.tex' version '4.20'

("C:\Users\Josh Johnson\AppData\Local\Programs\MiKTeX 2.9\tex/latex/pgf/fronten
dlayer\tikz.sty"
("C:\Users\Josh Johnson\AppData\Local\Programs\MiKTeX 2.9\tex/latex/pgf/utiliti
es\pgffor.sty"
("C:\Users\Josh Johnson\AppData\Local\Programs\MiKTeX 2.9\tex/latex/pgf/utiliti
es\pgfkeys.sty"
("C:\Users\Josh Johnson\AppData\Local\Programs\MiKTeX 2.9\tex/generic/pgf/utili
ties\pgfkeys.code.tex"))
("C:\Users\Josh Johnson\AppData\Local\Programs\MiKTeX 2.9\tex/latex/pgf/math\pg
fmath.sty"
("C:\Users\Josh Johnson\AppData\Local\Programs\MiKTeX 2.9\tex/generic/pgf/math\
pgfmath.code.tex"))
("C:\Users\Josh Johnson\AppData\Local\Programs\MiKTeX 2.9\tex/generic/pgf/utili
ties\pgffor.code.tex"
Package: pgffor 2019/08/03 v3.1.4b (3.1.4b)

("C:\Users\Josh Johnson\AppData\Local\Programs\MiKTeX 2.9\tex/generic/pgf/math\
pgfmath.code.tex")
\pgffor@iter=\dimen183
\pgffor@skip=\dimen184
\pgffor@stack=\toks36
\pgffor@toks=\toks37
))
("C:\Users\Josh Johnson\AppData\Local\Programs\MiKTeX 2.9\tex/generic/pgf/front
endlayer/tikz\tikz.code.tex"
Package: tikz 2019/08/03 v3.1.4b (3.1.4b)

("C:\Users\Josh Johnson\AppData\Local\Programs\MiKTeX 2.9\tex/generic/pgf/libra
ries\pgflibraryplothandlers.code.tex"
File: pgflibraryplothandlers.code.tex 2019/08/03 v3.1.4b (3.1.4b)
\pgf@plot@mark@count=\count123
\pgfplotmarksize=\dimen185
)
\tikz@lastx=\dimen186
\tikz@lasty=\dimen187
\tikz@lastxsaved=\dimen188
\tikz@lastysaved=\dimen189
\tikz@lastmovetox=\dimen190
\tikz@lastmovetoy=\dimen191
\tikzleveldistance=\dimen192
\tikzsiblingdistance=\dimen193
\tikz@figbox=\box58
\tikz@figbox@bg=\box59
\tikz@tempbox=\box60
\tikz@tempbox@bg=\box61
\tikztreelevel=\count124
\tikznumberofchildren=\count125
\tikznumberofcurrentchild=\count126
\tikz@fig@count=\count127

("C:\Users\Josh Johnson\AppData\Local\Programs\MiKTeX 2.9\tex/generic/pgf/modul
es\pgfmodulematrix.code.tex"
File: pgfmodulematrix.code.tex 2019/08/03 v3.1.4b (3.1.4b)
\pgfmatrixcurrentrow=\count128
\pgfmatrixcurrentcolumn=\count129
\pgf@matrix@numberofcolumns=\count130
)
\tikz@expandcount=\count131

("C:\Users\Josh Johnson\AppData\Local\Programs\MiKTeX 2.9\tex/generic/pgf/front
endlayer/tikz/libraries\tikzlibrarytopaths.code.tex"
File: tikzlibrarytopaths.code.tex 2019/08/03 v3.1.4b (3.1.4b)
)))
\tcb@waterbox=\box62

("C:\Users\Josh Johnson\AppData\Local\Programs\MiKTeX 2.9\tex/latex/tcolorbox\t
cbskinsjigsaw.code.tex"
Library (tcolorbox): 'tcbskinsjigsaw.code.tex' version '4.20'
))
("C:\Users\Josh Johnson\AppData\Local\Programs\MiKTeX 2.9\tex/latex/tcolorbox\t
cbbreakable.code.tex"
Library (tcolorbox): 'tcbbreakable.code.tex' version '4.20'
\tcb@testbox=\box63
\tcb@totalupperbox=\box64
\tcb@totallowerbox=\box65
)
("C:\Users\Josh Johnson\AppData\Local\Programs\MiKTeX 2.9\tex/latex/tcolorbox\t
cbhooks.code.tex"
Library (tcolorbox): 'tcbhooks.code.tex' version '4.20'
)
("C:\Users\Josh Johnson\AppData\Local\Programs\MiKTeX 2.9\tex/latex/tcolorbox\t
cbtheorems.code.tex"
Library (tcolorbox): 'tcbtheorems.code.tex' version '4.20'

("C:\Users\Josh Johnson\AppData\Local\Programs\MiKTeX 2.9\tex/latex/amsmath\ams
math.sty"
Package: amsmath 2018/12/01 v2.17b AMS math features
\@mathmargin=\skip68

For additional information on amsmath, use the `?' option.

("C:\Users\Josh Johnson\AppData\Local\Programs\MiKTeX 2.9\tex/latex/amsmath\ams
text.sty"
Package: amstext 2000/06/29 v2.01 AMS text

("C:\Users\Josh Johnson\AppData\Local\Programs\MiKTeX 2.9\tex/latex/amsmath\ams
gen.sty"
File: amsgen.sty 1999/11/30 v2.0 generic functions
\@emptytoks=\toks38
\ex@=\dimen194
))
("C:\Users\Josh Johnson\AppData\Local\Programs\MiKTeX 2.9\tex/latex/amsmath\ams
bsy.sty"
Package: amsbsy 1999/11/29 v1.2d Bold Symbols
\pmbraise@=\dimen195
)
("C:\Users\Josh Johnson\AppData\Local\Programs\MiKTeX 2.9\tex/latex/amsmath\ams
opn.sty"
Package: amsopn 2016/03/08 v2.02 operator names
)
\inf@bad=\count132
LaTeX Info: Redefining \frac on input line 223.
\uproot@=\count133
\leftroot@=\count134
LaTeX Info: Redefining \overline on input line 385.
\classnum@=\count135
\DOTSCASE@=\count136
LaTeX Info: Redefining \ldots on input line 482.
LaTeX Info: Redefining \dots on input line 485.
LaTeX Info: Redefining \cdots on input line 606.
\Mathstrutbox@=\box66
\strutbox@=\box67
\big@size=\dimen196
LaTeX Font Info:    Redeclaring font encoding OML on input line 729.
LaTeX Font Info:    Redeclaring font encoding OMS on input line 730.
\macc@depth=\count137
\c@MaxMatrixCols=\count138
\dotsspace@=\muskip10
\c@parentequation=\count139
\dspbrk@lvl=\count140
\tag@help=\toks39
\row@=\count141
\column@=\count142
\maxfields@=\count143
\andhelp@=\toks40
\eqnshift@=\dimen197
\alignsep@=\dimen198
\tagshift@=\dimen199
\tagwidth@=\dimen256
\totwidth@=\dimen257
\lineht@=\dimen258
\@envbody=\toks41
\multlinegap=\skip69
\multlinetaggap=\skip70
\mathdisplay@stack=\toks42
LaTeX Info: Redefining \[ on input line 2844.
LaTeX Info: Redefining \] on input line 2845.
))
("C:\Users\Josh Johnson\AppData\Local\Programs\MiKTeX 2.9\tex/latex/tcolorbox\t
cbfitting.code.tex"
Library (tcolorbox): 'tcbfitting.code.tex' version '4.20'
\tcbfitdim=\dimen259
\tcb@lowerfitdim=\dimen260
\tcb@upperfitdim=\dimen261
\tcb@cur@hbadness=\count144
)
("C:\Users\Josh Johnson\AppData\Local\Programs\MiKTeX 2.9\tex/latex/tcolorbox\t
cbxparse.code.tex"
Library (tcolorbox): 'tcbxparse.code.tex' version '4.20'

("C:\Users\Josh Johnson\AppData\Local\Programs\MiKTeX 2.9\tex/latex/l3packages/
xparse\xparse.sty"
("C:\Users\Josh Johnson\AppData\Local\Programs\MiKTeX 2.9\tex/latex/l3kernel\ex
pl3.sty"
Package: expl3 2019-09-08 L3 programming layer (loader) 

("C:\Users\Josh Johnson\AppData\Local\Programs\MiKTeX 2.9\tex/latex/l3kernel\ex
pl3-code.tex"
Package: expl3 2019-09-08 L3 programming layer (code)
\c_max_int=\count145
\l_tmpa_int=\count146
\l_tmpb_int=\count147
\g_tmpa_int=\count148
\g_tmpb_int=\count149
\g__kernel_prg_map_int=\count150
\c__ior_term_noprompt_ior=\count151
\c_log_iow=\count152
\l_iow_line_count_int=\count153
\l__iow_line_target_int=\count154
\l__iow_one_indent_int=\count155
\l__iow_indent_int=\count156
\c_zero_dim=\dimen262
\c_max_dim=\dimen263
\l_tmpa_dim=\dimen264
\l_tmpb_dim=\dimen265
\g_tmpa_dim=\dimen266
\g_tmpb_dim=\dimen267
\c_zero_skip=\skip71
\c_max_skip=\skip72
\l_tmpa_skip=\skip73
\l_tmpb_skip=\skip74
\g_tmpa_skip=\skip75
\g_tmpb_skip=\skip76
\c_zero_muskip=\muskip11
\c_max_muskip=\muskip12
\l_tmpa_muskip=\muskip13
\l_tmpb_muskip=\muskip14
\g_tmpa_muskip=\muskip15
\g_tmpb_muskip=\muskip16
\l_keys_choice_int=\count157
\l__intarray_loop_int=\count158
\c__intarray_sp_dim=\dimen268
\g__intarray_font_int=\count159
\c__fp_leading_shift_int=\count160
\c__fp_middle_shift_int=\count161
\c__fp_trailing_shift_int=\count162
\c__fp_big_leading_shift_int=\count163
\c__fp_big_middle_shift_int=\count164
\c__fp_big_trailing_shift_int=\count165
\c__fp_Bigg_leading_shift_int=\count166
\c__fp_Bigg_middle_shift_int=\count167
\c__fp_Bigg_trailing_shift_int=\count168
\c__kernel_randint_max_int=\count169
\g__fp_array_int=\count170
\l__fp_array_loop_int=\count171
\l__sort_length_int=\count172
\l__sort_min_int=\count173
\l__sort_top_int=\count174
\l__sort_max_int=\count175
\l__sort_true_max_int=\count176
\l__sort_block_int=\count177
\l__sort_begin_int=\count178
\l__sort_end_int=\count179
\l__sort_A_int=\count180
\l__sort_B_int=\count181
\l__sort_C_int=\count182
\l__str_internal_int=\count183
\c__str_replacement_char_int=\count184
\l__tl_analysis_normal_int=\count185
\l__tl_analysis_index_int=\count186
\l__tl_analysis_nesting_int=\count187
\l__tl_analysis_type_int=\count188
\l__regex_internal_a_int=\count189
\l__regex_internal_b_int=\count190
\l__regex_internal_c_int=\count191
\l__regex_balance_int=\count192
\l__regex_group_level_int=\count193
\l__regex_mode_int=\count194
\c__regex_cs_in_class_mode_int=\count195
\c__regex_cs_mode_int=\count196
\l__regex_catcodes_int=\count197
\l__regex_default_catcodes_int=\count198
\c__regex_catcode_D_int=\count199
\c__regex_catcode_S_int=\count266
\c__regex_catcode_L_int=\count267
\c__regex_catcode_O_int=\count268
\c__regex_catcode_A_int=\count269
\c__regex_all_catcodes_int=\count270
\l__regex_show_lines_int=\count271
\l__regex_min_state_int=\count272
\l__regex_max_state_int=\count273
\l__regex_left_state_int=\count274
\l__regex_right_state_int=\count275
\l__regex_capturing_group_int=\count276
\l__regex_min_pos_int=\count277
\l__regex_max_pos_int=\count278
\l__regex_curr_pos_int=\count279
\l__regex_start_pos_int=\count280
\l__regex_success_pos_int=\count281
\l__regex_curr_char_int=\count282
\l__regex_curr_catcode_int=\count283
\l__regex_last_char_int=\count284
\l__regex_case_changed_char_int=\count285
\l__regex_curr_state_int=\count286
\l__regex_step_int=\count287
\l__regex_min_active_int=\count288
\l__regex_max_active_int=\count289
\l__regex_replacement_csnames_int=\count290
\l__regex_match_count_int=\count291
\l__regex_min_submatch_int=\count292
\l__regex_submatch_int=\count293
\l__regex_zeroth_submatch_int=\count294
\g__regex_trace_regex_int=\count295
\c_empty_box=\box68
\l_tmpa_box=\box69
\l_tmpb_box=\box70
\g_tmpa_box=\box71
\g_tmpb_box=\box72
\l__box_top_dim=\dimen269
\l__box_bottom_dim=\dimen270
\l__box_left_dim=\dimen271
\l__box_right_dim=\dimen272
\l__box_top_new_dim=\dimen273
\l__box_bottom_new_dim=\dimen274
\l__box_left_new_dim=\dimen275
\l__box_right_new_dim=\dimen276
\l__box_internal_box=\box73
\l__coffin_internal_box=\box74
\l__coffin_internal_dim=\dimen277
\l__coffin_offset_x_dim=\dimen278
\l__coffin_offset_y_dim=\dimen279
\l__coffin_x_dim=\dimen280
\l__coffin_y_dim=\dimen281
\l__coffin_x_prime_dim=\dimen282
\l__coffin_y_prime_dim=\dimen283
\c_empty_coffin=\box75
\l__coffin_aligned_coffin=\box76
\l__coffin_aligned_internal_coffin=\box77
\l_tmpa_coffin=\box78
\l_tmpb_coffin=\box79
\g_tmpa_coffin=\box80
\g_tmpb_coffin=\box81
\l__coffin_bounding_shift_dim=\dimen284
\l__coffin_left_corner_dim=\dimen285
\l__coffin_right_corner_dim=\dimen286
\l__coffin_bottom_corner_dim=\dimen287
\l__coffin_top_corner_dim=\dimen288
\l__coffin_scaled_total_height_dim=\dimen289
\l__coffin_scaled_width_dim=\dimen290
\c__coffin_empty_coffin=\box82
\l__coffin_display_coffin=\box83
\l__coffin_display_coord_coffin=\box84
\l__coffin_display_pole_coffin=\box85
\l__coffin_display_offset_dim=\dimen291
\l__coffin_display_x_dim=\dimen292
\l__coffin_display_y_dim=\dimen293
\g__char_data_ior=\read3
\l__seq_internal_a_int=\count296
\l__seq_internal_b_int=\count297
)
("C:\Users\Josh Johnson\AppData\Local\Programs\MiKTeX 2.9\tex/latex/l3backend\l
3backend-pdfmode.def"
File: l3backend-pdfmode.def 2019-04-06 v L3 backend support: PDF mode
\l__kernel_color_stack_int=\count298
\l__pdf_internal_box=\box86
))
Package: xparse 2019-05-28 L3 Experimental document command parser
\l__xparse_current_arg_int=\count299
\g__xparse_grabber_int=\count300
\l__xparse_m_args_int=\count301
\l__xparse_v_nesting_int=\count302
))
("C:\Users\Josh Johnson\AppData\Local\Programs\MiKTeX 2.9\tex/latex/tcolorbox\t
cblistingsutf8.code.tex"
Library (tcolorbox): 'tcblistingsutf8.code.tex' version '4.20'

("C:\Users\Josh Johnson\AppData\Local\Programs\MiKTeX 2.9\tex/latex/oberdiek\li
stingsutf8.sty"
Package: listingsutf8 2016/05/16 v1.3 Allow UTF-8 in listings input (HO)

("C:\Users\Josh Johnson\AppData\Local\Programs\MiKTeX 2.9\tex/latex/listings\li
stings.sty"
\lst@mode=\count303
\lst@gtempboxa=\box87
\lst@token=\toks43
\lst@length=\count304
\lst@currlwidth=\dimen294
\lst@column=\count305
\lst@pos=\count306
\lst@lostspace=\dimen295
\lst@width=\dimen296
\lst@newlines=\count307
\lst@lineno=\count308
\lst@maxwidth=\dimen297

("C:\Users\Josh Johnson\AppData\Local\Programs\MiKTeX 2.9\tex/latex/listings\ls
tmisc.sty"
File: lstmisc.sty 2019/09/10 1.8c (Carsten Heinz)
\c@lstnumber=\count309
\lst@skipnumbers=\count310
\lst@framebox=\box88
)
("C:\Users\Josh Johnson\AppData\Local\Programs\MiKTeX 2.9\tex/latex/listings\li
stings.cfg"
File: listings.cfg 2019/09/10 1.8c listings configuration
))
Package: listings 2019/09/10 1.8c (Carsten Heinz)

("C:\Users\Josh Johnson\AppData\Local\Programs\MiKTeX 2.9\tex/generic/oberdiek\
pdftexcmds.sty"
Package: pdftexcmds 2019/07/25 v0.30 Utility functions of pdfTeX for LuaTeX (HO
)

("C:\Users\Josh Johnson\AppData\Local\Programs\MiKTeX 2.9\tex/generic/oberdiek\
ifluatex.sty"
Package: ifluatex 2016/05/16 v1.4 Provides the ifluatex switch (HO)
Package ifluatex Info: LuaTeX not detected.
)
Package pdftexcmds Info: LuaTeX not detected.
Package pdftexcmds Info: \pdf@primitive is available.
Package pdftexcmds Info: \pdf@ifprimitive is available.
Package pdftexcmds Info: \pdfdraftmode found.
)
("C:\Users\Josh Johnson\AppData\Local\Programs\MiKTeX 2.9\tex/generic/oberdiek\
stringenc.sty"
Package: stringenc 2016/05/16 v1.11 Convert strings between diff. encodings (HO
)

("C:\Users\Josh Johnson\AppData\Local\Programs\MiKTeX 2.9\tex/generic/oberdiek\
pdfescape.sty"
Package: pdfescape 2016/05/16 v1.14 Implements pdfTeX's escape features (HO)
)))
("C:\Users\Josh Johnson\AppData\Local\Programs\MiKTeX 2.9\tex/latex/tcolorbox\t
cblistings.code.tex"
Library (tcolorbox): 'tcblistings.code.tex' version '4.20'

("C:\Users\Josh Johnson\AppData\Local\Programs\MiKTeX 2.9\tex/latex/tcolorbox\t
cblistingscore.code.tex"
Library (tcolorbox): 'tcblistingscore.code.tex' version '4.20'

("C:\Users\Josh Johnson\AppData\Local\Programs\MiKTeX 2.9\tex/latex/tcolorbox\t
cbprocessing.code.tex"
Library (tcolorbox): 'tcbprocessing.code.tex' version '4.20'

("C:\Users\Josh Johnson\AppData\Local\Programs\MiKTeX 2.9\tex/latex/tools\shell
esc.sty"
Package: shellesc 2016/06/07 v0.02a unified shell escape interface for LaTeX
Package shellesc Info: Restricted shell escape enabled on input line 69.
))
\c@tcblisting=\count311
)))
("C:\Users\Josh Johnson\AppData\Local\Programs\MiKTeX 2.9\tex/latex/tcolorbox\t
cbexternal.code.tex"
Library (tcolorbox): 'tcbexternal.code.tex' version '4.20'
)
("C:\Users\Josh Johnson\AppData\Local\Programs\MiKTeX 2.9\tex/latex/tcolorbox\t
cbmagazine.code.tex"
Library (tcolorbox): 'tcbmagazine.code.tex' version '4.20'
)
("C:\Users\Josh Johnson\AppData\Local\Programs\MiKTeX 2.9\tex/latex/tcolorbox\t
cbvignette.code.tex"
Library (tcolorbox): 'tcbvignette.code.tex' version '4.20'

("C:\Users\Josh Johnson\AppData\Local\Programs\MiKTeX 2.9\tex/generic/pgf/front
endlayer/tikz/libraries\tikzlibraryfadings.code.tex"
File: tikzlibraryfadings.code.tex 2019/08/03 v3.1.4b (3.1.4b)

("C:\Users\Josh Johnson\AppData\Local\Programs\MiKTeX 2.9\tex/generic/pgf/libra
ries\pgflibraryfadings.code.tex"
File: pgflibraryfadings.code.tex 2019/08/03 v3.1.4b (3.1.4b)
)))
("C:\Users\Josh Johnson\AppData\Local\Programs\MiKTeX 2.9\tex/latex/tcolorbox\t
cbposter.code.tex"
Library (tcolorbox): 'tcbposter.code.tex' version '4.20'
))
("C:\Users\Josh Johnson\AppData\Local\Programs\MiKTeX 2.9\tex/latex/fundus-call
igra\calligra.sty"
Package: calligra 2012/04/10 v1.9 LaTeX package calligra
)
("C:\Users\Josh Johnson\AppData\Local\Programs\MiKTeX 2.9\tex/latex/caption\cap
tion.sty"
Package: caption 2019/09/01 v3.3d Customizing captions (AR)

("C:\Users\Josh Johnson\AppData\Local\Programs\MiKTeX 2.9\tex/latex/caption\cap
tion3.sty"
Package: caption3 2019/09/01 v1.8d caption3 kernel (AR)
Package caption3 Info: TeX engine: e-TeX on input line 64.
\captionmargin=\dimen298
\captionmargin@=\dimen299
\captionwidth=\dimen300
\caption@tempdima=\dimen301
\caption@indent=\dimen302
\caption@parindent=\dimen303
\caption@hangindent=\dimen304
)
\c@caption@flags=\count312
\c@ContinuedFloat=\count313
Package caption Info: listings package is loaded.
)
("C:\Users\Josh Johnson\AppData\Local\Programs\MiKTeX 2.9\tex/latex/datetime\da
tetime.sty"
Package: datetime 2015/03/20 v2.60 Date Time Package

("C:\Users\Josh Johnson\AppData\Local\Programs\MiKTeX 2.9\tex/latex/fmtcount\fm
tcount.sty"
Package: fmtcount 2017/12/24 v3.05

("C:\Users\Josh Johnson\AppData\Local\Programs\MiKTeX 2.9\tex/latex/fmtcount\fc
prefix.sty"
Package: fcprefix 2012/09/28

("C:\Users\Josh Johnson\AppData\Local\Programs\MiKTeX 2.9\tex/latex/fmtcount\fc
numparser.sty"
Package: fcnumparser 2017/06/15
\fc@digit@counter=\count314
))
\c@padzeroesN=\count315
\fc@tmpcatcode=\count316
\@DT@modctr=\count317
\@ordinalctr=\count318
\@orgargctr=\count319
\@strctr=\count320
\@tmpstrctr=\count321
\@DT@loopN=\count322
\@DT@X=\count323
)
("C:\Users\Josh Johnson\AppData\Local\Programs\MiKTeX 2.9\tex/latex/datetime\da
tetime-defaults.sty"
Package: datetime-defaults 2013/09/10
)
\@day=\count324
\@month=\count325
\@year=\count326
\c@HOUR=\count327
\c@HOURXII=\count328
\c@MINUTE=\count329
\c@TOHOUR=\count330
\c@TOMINUTE=\count331
\c@SECOND=\count332
\currenthour=\count333
\currentminute=\count334
\currentsecond=\count335
Package datetime Info: No datetime.cfg file found, using default settings on in
put line 308.
\@dtctr=\count336
\dayofyear=\count337
\dayofweek=\count338
LaTeX Info: Redefining \today on input line 736.
\dt@a=\toks44
\dt@b=\toks45
)
("C:\Users\Josh Johnson\AppData\Local\Programs\MiKTeX 2.9\tex/latex/yafoot\dblf
note.sty"
Package: dblfnote 2018/09/03 v1.1 
\c@DFNsloppiness=\count339
\DFNcolumnsep=\dimen305
\DFNcolumnwidth=\dimen306
\dfn@fnht=\dimen307
\dfn@fnmaxdp=\dimen308
\dfn@dima=\dimen309
\dfn@dimb=\dimen310
\dfn@ins=\box89
\dfn@boxa=\box90
\dfn@boxb=\box91
\dfn@output=\toks46
)
("C:\Users\Josh Johnson\AppData\Local\Programs\MiKTeX 2.9\tex/latex/doublestrok
e\dsfont.sty"
Package: dsfont 1995/08/01 v0.1 Double stroke roman fonts
)
("C:\Users\Josh Johnson\AppData\Local\Programs\MiKTeX 2.9\tex/latex/etex-pkg\et
ex.sty"
Package: etex 2016/08/01 v2.7 eTeX basic definition package (PEB,DPC)


Package etex Warning: Extended allocation already in use.
(etex)                etex.sty code will not be used.
(etex)                To force etex package to load, add
(etex)                \RequirePackage{etex}
(etex)                at the start of the document.

)
("C:\Users\Josh Johnson\AppData\Local\Programs\MiKTeX 2.9\tex/latex/fancyhdr\fa
ncyhdr.sty"
Package: fancyhdr 2019/01/31 v3.10 Extensive control of page headers and footer
s
\f@nch@headwidth=\skip77
\f@nch@O@elh=\skip78
\f@nch@O@erh=\skip79
\f@nch@O@olh=\skip80
\f@nch@O@orh=\skip81
\f@nch@O@elf=\skip82
\f@nch@O@erf=\skip83
\f@nch@O@olf=\skip84
\f@nch@O@orf=\skip85
)
("C:\Users\Josh Johnson\AppData\Local\Programs\MiKTeX 2.9\tex/latex/base\fix-cm
.sty"
Package: fix-cm 2015/01/14 v1.1t fixes to LaTeX

("C:\Users\Josh Johnson\AppData\Local\Programs\MiKTeX 2.9\tex/latex/base\ts1enc
.def"
File: ts1enc.def 2001/06/05 v3.0e (jk/car/fm) Standard LaTeX file
Now handling font encoding TS1 ...
... processing UTF-8 mapping file for font encoding TS1

("C:\Users\Josh Johnson\AppData\Local\Programs\MiKTeX 2.9\tex/latex/base\ts1enc
.dfu"
File: ts1enc.dfu 2018/10/05 v1.2f UTF-8 support for inputenc
   defining Unicode char U+00A2 (decimal 162)
   defining Unicode char U+00A3 (decimal 163)
   defining Unicode char U+00A4 (decimal 164)
   defining Unicode char U+00A5 (decimal 165)
   defining Unicode char U+00A6 (decimal 166)
   defining Unicode char U+00A7 (decimal 167)
   defining Unicode char U+00A8 (decimal 168)
   defining Unicode char U+00A9 (decimal 169)
   defining Unicode char U+00AA (decimal 170)
   defining Unicode char U+00AC (decimal 172)
   defining Unicode char U+00AE (decimal 174)
   defining Unicode char U+00AF (decimal 175)
   defining Unicode char U+00B0 (decimal 176)
   defining Unicode char U+00B1 (decimal 177)
   defining Unicode char U+00B2 (decimal 178)
   defining Unicode char U+00B3 (decimal 179)
   defining Unicode char U+00B4 (decimal 180)
   defining Unicode char U+00B5 (decimal 181)
   defining Unicode char U+00B6 (decimal 182)
   defining Unicode char U+00B7 (decimal 183)
   defining Unicode char U+00B9 (decimal 185)
   defining Unicode char U+00BA (decimal 186)
   defining Unicode char U+00BC (decimal 188)
   defining Unicode char U+00BD (decimal 189)
   defining Unicode char U+00BE (decimal 190)
   defining Unicode char U+00D7 (decimal 215)
   defining Unicode char U+00F7 (decimal 247)
   defining Unicode char U+0192 (decimal 402)
   defining Unicode char U+02C7 (decimal 711)
   defining Unicode char U+02D8 (decimal 728)
   defining Unicode char U+02DD (decimal 733)
   defining Unicode char U+0E3F (decimal 3647)
   defining Unicode char U+2016 (decimal 8214)
   defining Unicode char U+2020 (decimal 8224)
   defining Unicode char U+2021 (decimal 8225)
   defining Unicode char U+2022 (decimal 8226)
   defining Unicode char U+2030 (decimal 8240)
   defining Unicode char U+2031 (decimal 8241)
   defining Unicode char U+203B (decimal 8251)
   defining Unicode char U+203D (decimal 8253)
   defining Unicode char U+2044 (decimal 8260)
   defining Unicode char U+204E (decimal 8270)
   defining Unicode char U+2052 (decimal 8274)
   defining Unicode char U+20A1 (decimal 8353)
   defining Unicode char U+20A4 (decimal 8356)
   defining Unicode char U+20A6 (decimal 8358)
   defining Unicode char U+20A9 (decimal 8361)
   defining Unicode char U+20AB (decimal 8363)
   defining Unicode char U+20AC (decimal 8364)
   defining Unicode char U+20B1 (decimal 8369)
   defining Unicode char U+2103 (decimal 8451)
   defining Unicode char U+2116 (decimal 8470)
   defining Unicode char U+2117 (decimal 8471)
   defining Unicode char U+211E (decimal 8478)
   defining Unicode char U+2120 (decimal 8480)
   defining Unicode char U+2122 (decimal 8482)
   defining Unicode char U+2126 (decimal 8486)
   defining Unicode char U+2127 (decimal 8487)
   defining Unicode char U+212E (decimal 8494)
   defining Unicode char U+2190 (decimal 8592)
   defining Unicode char U+2191 (decimal 8593)
   defining Unicode char U+2192 (decimal 8594)
   defining Unicode char U+2193 (decimal 8595)
   defining Unicode char U+2329 (decimal 9001)
   defining Unicode char U+232A (decimal 9002)
   defining Unicode char U+2422 (decimal 9250)
   defining Unicode char U+25E6 (decimal 9702)
   defining Unicode char U+25EF (decimal 9711)
   defining Unicode char U+266A (decimal 9834)
   defining Unicode char U+FEFF (decimal 65279)
)))
("C:\Users\Josh Johnson\AppData\Local\Programs\MiKTeX 2.9\tex/latex/float\float
.sty"
Package: float 2001/11/08 v1.3d Float enhancements (AL)
\c@float@type=\count340
\float@exts=\toks47
\float@box=\box92
\@float@everytoks=\toks48
\@floatcapt=\box93
)
("C:\Users\Josh Johnson\AppData\Local\Programs\MiKTeX 2.9\tex/latex/base\fonten
c.sty"
Package: fontenc 2018/08/11 v2.0j Standard LaTeX package

("C:\Users\Josh Johnson\AppData\Local\Programs\MiKTeX 2.9\tex/latex/base\t1enc.
def"
File: t1enc.def 2018/08/11 v2.0j Standard LaTeX file
LaTeX Font Info:    Redeclaring font encoding T1 on input line 48.
))
("C:\Users\Josh Johnson\AppData\Local\Programs\MiKTeX 2.9\tex/latex/lipsum\lips
um.sty"
Package: lipsum 2019/01/02 v2.2 150 paragraphs of Lorem Ipsum dummy text

("C:\Users\Josh Johnson\AppData\Local\Programs\MiKTeX 2.9\tex/latex/lipsum\lips
um.ltd.tex"
File: lipsum.ltd.tex 2019/01/02 v2.2 The Lorem ipsum dummy text
))
("C:\Users\Josh Johnson\AppData\Local\Programs\MiKTeX 2.9\tex/latex/oberdiek\tr
ansparent.sty"
Package: transparent 2018/11/18 v1.3 Transparency via pdfTeX's color stack (HO)


("C:\Users\Josh Johnson\AppData\Local\Programs\MiKTeX 2.9\tex/latex/oberdiek\au
xhook.sty"
Package: auxhook 2016/05/16 v1.4 Hooks for auxiliary files (HO)


Package auxhook Warning: Cannot patch \document,
(auxhook)                using \AtBeginDocument instead.

))
("C:\Users\Josh Johnson\AppData\Local\Programs\MiKTeX 2.9\tex/latex/mdframed\md
framed.sty"
Package: mdframed 2013/07/01 1.9b: mdframed

("C:\Users\Josh Johnson\AppData\Local\Programs\MiKTeX 2.9\tex/latex/oberdiek\kv
options.sty"
Package: kvoptions 2016/05/16 v3.12 Key value format for package options (HO)

("C:\Users\Josh Johnson\AppData\Local\Programs\MiKTeX 2.9\tex/generic/oberdiek\
kvsetkeys.sty"
Package: kvsetkeys 2016/05/16 v1.17 Key value parser (HO)

("C:\Users\Josh Johnson\AppData\Local\Programs\MiKTeX 2.9\tex/generic/oberdiek\
etexcmds.sty"
Package: etexcmds 2016/05/16 v1.6 Avoid name clashes with e-TeX commands (HO)
)))
("C:\Users\Josh Johnson\AppData\Local\Programs\MiKTeX 2.9\tex/latex/oberdiek\zr
ef-abspage.sty"
Package: zref-abspage 2018/11/21 v2.27 Module abspage for zref (HO)

("C:\Users\Josh Johnson\AppData\Local\Programs\MiKTeX 2.9\tex/latex/oberdiek\zr
ef-base.sty"
Package: zref-base 2018/11/21 v2.27 Module base for zref (HO)

("C:\Users\Josh Johnson\AppData\Local\Programs\MiKTeX 2.9\tex/generic/oberdiek\
kvdefinekeys.sty"
Package: kvdefinekeys 2016/05/16 v1.4 Define keys (HO)
)
Package zref Info: New property list: main on input line 759.
Package zref Info: New property: default on input line 760.
Package zref Info: New property: page on input line 761.
)
\c@abspage=\count341
Package zref Info: New property: abspage on input line 62.
)
("C:\Users\Josh Johnson\AppData\Local\Programs\MiKTeX 2.9\tex/latex/needspace\n
eedspace.sty"
Package: needspace 2010/09/12 v1.3d reserve vertical space
)
\mdf@templength=\skip86
\c@mdf@globalstyle@cnt=\count342
\mdf@skipabove@length=\skip87
\mdf@skipbelow@length=\skip88
\mdf@leftmargin@length=\skip89
\mdf@rightmargin@length=\skip90
\mdf@innerleftmargin@length=\skip91
\mdf@innerrightmargin@length=\skip92
\mdf@innertopmargin@length=\skip93
\mdf@innerbottommargin@length=\skip94
\mdf@splittopskip@length=\skip95
\mdf@splitbottomskip@length=\skip96
\mdf@outermargin@length=\skip97
\mdf@innermargin@length=\skip98
\mdf@linewidth@length=\skip99
\mdf@innerlinewidth@length=\skip100
\mdf@middlelinewidth@length=\skip101
\mdf@outerlinewidth@length=\skip102
\mdf@roundcorner@length=\skip103
\mdf@footenotedistance@length=\skip104
\mdf@userdefinedwidth@length=\skip105
\mdf@needspace@length=\skip106
\mdf@frametitleaboveskip@length=\skip107
\mdf@frametitlebelowskip@length=\skip108
\mdf@frametitlerulewidth@length=\skip109
\mdf@frametitleleftmargin@length=\skip110
\mdf@frametitlerightmargin@length=\skip111
\mdf@shadowsize@length=\skip112
\mdf@extratopheight@length=\skip113
\mdf@subtitleabovelinewidth@length=\skip114
\mdf@subtitlebelowlinewidth@length=\skip115
\mdf@subtitleaboveskip@length=\skip116
\mdf@subtitlebelowskip@length=\skip117
\mdf@subtitleinneraboveskip@length=\skip118
\mdf@subtitleinnerbelowskip@length=\skip119
\mdf@subsubtitleabovelinewidth@length=\skip120
\mdf@subsubtitlebelowlinewidth@length=\skip121
\mdf@subsubtitleaboveskip@length=\skip122
\mdf@subsubtitlebelowskip@length=\skip123
\mdf@subsubtitleinneraboveskip@length=\skip124
\mdf@subsubtitleinnerbelowskip@length=\skip125

("C:\Users\Josh Johnson\AppData\Local\Programs\MiKTeX 2.9\tex/latex/mdframed\md
-frame-1.mdf"
File: md-frame-1.mdf 2013/07/01\ 1.9b: md-frame-1
)
\mdf@frametitlebox=\box94
\mdf@footnotebox=\box95
\mdf@splitbox@one=\box96
\mdf@splitbox@two=\box97
\mdf@splitbox@save=\box98
\mdfsplitboxwidth=\skip126
\mdfsplitboxtotalwidth=\skip127
\mdfsplitboxheight=\skip128
\mdfsplitboxdepth=\skip129
\mdfsplitboxtotalheight=\skip130
\mdfframetitleboxwidth=\skip131
\mdfframetitleboxtotalwidth=\skip132
\mdfframetitleboxheight=\skip133
\mdfframetitleboxdepth=\skip134
\mdfframetitleboxtotalheight=\skip135
\mdffootnoteboxwidth=\skip136
\mdffootnoteboxtotalwidth=\skip137
\mdffootnoteboxheight=\skip138
\mdffootnoteboxdepth=\skip139
\mdffootnoteboxtotalheight=\skip140
\mdftotallinewidth=\skip141
\mdfboundingboxwidth=\skip142
\mdfboundingboxtotalwidth=\skip143
\mdfboundingboxheight=\skip144
\mdfboundingboxdepth=\skip145
\mdfboundingboxtotalheight=\skip146
\mdf@freevspace@length=\skip147
\mdf@horizontalwidthofbox@length=\skip148
\mdf@verticalmarginwhole@length=\skip149
\mdf@horizontalspaceofbox=\skip150
\mdfsubtitleheight=\skip151
\mdfsubsubtitleheight=\skip152
\c@mdfcountframes=\count343

****** mdframed patching \endmdf@trivlist

****** -- success******

\mdf@envdepth=\count344
\c@mdf@env@i=\count345
\c@mdf@env@ii=\count346
\c@mdf@zref@counter=\count347
Package zref Info: New property: mdf@pagevalue on input line 895.
)
("C:\Users\Josh Johnson\AppData\Local\Programs\MiKTeX 2.9\tex/latex/mparhack\mp
arhack.sty"
Package: mparhack 2005/04/17 v1.4 (T. Sgouros and S. Ulrich)
)
("C:\Users\Josh Johnson\AppData\Local\Programs\MiKTeX 2.9\tex/latex/tools\multi
col.sty"
Package: multicol 2018/12/27 v1.8v multicolumn formatting (FMi)
\c@tracingmulticols=\count348
\mult@box=\box99
\multicol@leftmargin=\dimen311
\c@unbalance=\count349
\c@collectmore=\count350
\doublecol@number=\count351
\multicoltolerance=\count352
\multicolpretolerance=\count353
\full@width=\dimen312
\page@free=\dimen313
\premulticols=\dimen314
\postmulticols=\dimen315
\multicolsep=\skip153
\multicolbaselineskip=\skip154
\partial@page=\box100
\last@line=\box101
\maxbalancingoverflow=\dimen316
\mult@rightbox=\box102
\mult@grightbox=\box103
\mult@gfirstbox=\box104
\mult@firstbox=\box105
\@tempa=\box106
\@tempa=\box107
\@tempa=\box108
\@tempa=\box109
\@tempa=\box110
\@tempa=\box111
\@tempa=\box112
\@tempa=\box113
\@tempa=\box114
\@tempa=\box115
\@tempa=\box116
\@tempa=\box117
\@tempa=\box118
\@tempa=\box119
\@tempa=\box120
\@tempa=\box121
\@tempa=\box122
\c@columnbadness=\count354
\c@finalcolumnbadness=\count355
\last@try=\dimen317
\multicolovershoot=\dimen318
\multicolundershoot=\dimen319
\mult@nat@firstbox=\box123
\colbreak@box=\box124
\mc@col@check@num=\count356
)
("C:\Users\Josh Johnson\AppData\Local\Programs\MiKTeX 2.9\tex/latex/multirow\mu
ltirow.sty"
Package: multirow 2019/05/31 v2.5 Span multiple rows of a table
\multirow@colwidth=\skip155
\multirow@cntb=\count357
\multirow@dima=\skip156
\bigstrutjot=\dimen320
)
("C:\Users\Josh Johnson\AppData\Local\Programs\MiKTeX 2.9\tex/latex/parskip\par
skip.sty"
Package: parskip 2019-01-16 v2.0c non-zero parskip adjustments
)
("C:\Users\Josh Johnson\AppData\Local\Programs\MiKTeX 2.9\tex/latex/graphics\ls
cape.sty"
Package: lscape 2000/10/22 v3.01 Landscape Pages (DPC)
)
("C:\Users\Josh Johnson\AppData\Local\Programs\MiKTeX 2.9\tex/latex/oberdiek\pd
flscape.sty"
Package: pdflscape 2016/05/14 v0.11 Display of landscape pages in PDF (HO)
Package pdflscape Info: Auto-detected driver: pdftex on input line 81.

("C:\Users\Josh Johnson\AppData\Local\Programs\MiKTeX 2.9\tex/generic/ifxetex\i
fxetex.sty"
Package: ifxetex 2010/09/12 v0.6 Provides ifxetex conditional
))
("C:\Users\Josh Johnson\AppData\Local\Programs\MiKTeX 2.9\tex/latex/graphics\ro
tating.sty"
Package: rotating 2016/08/11 v2.16d rotated objects in LaTeX
\c@r@tfl@t=\count358
\rotFPtop=\skip157
\rotFPbot=\skip158
\rot@float@box=\box125
\rot@mess@toks=\toks49
)
("C:\Users\Josh Johnson\AppData\Local\Programs\MiKTeX 2.9\tex/latex/setspace\se
tspace.sty"
Package: setspace 2011/12/19 v6.7a set line spacing
)
("C:\Users\Josh Johnson\AppData\Local\Programs\MiKTeX 2.9\tex/latex/caption\sub
caption.sty"
Package: subcaption 2019/09/01 v1.3a Sub-captions (AR)
\c@subfigure=\count359
\c@subtable=\count360
)
("C:\Users\Josh Johnson\AppData\Local\Programs\MiKTeX 2.9\tex/latex/threepartta
ble\threeparttable.sty"
Package: threeparttable 2003/06/13  v 3.0
\@tempboxb=\box126
)
("C:\Users\Josh Johnson\AppData\Local\Programs\MiKTeX 2.9\tex/latex/ulem\ulem.s
ty"
\UL@box=\box127
\UL@hyphenbox=\box128
\UL@skip=\skip159
\UL@hook=\toks50
\UL@height=\dimen321
\UL@pe=\count361
\UL@pixel=\dimen322
\ULC@box=\box129
Package: ulem 2012/05/18
\ULdepth=\dimen323
)
("C:\Users\Josh Johnson\AppData\Local\Programs\MiKTeX 2.9\tex/latex/soul\soul.s
ty"
Package: soul 2003/11/17 v2.4 letterspacing/underlining (mf)
\SOUL@word=\toks51
\SOUL@lasttoken=\toks52
\SOUL@cmds=\toks53
\SOUL@buffer=\toks54
\SOUL@token=\toks55
\SOUL@spaceskip=\skip160
\SOUL@ttwidth=\dimen324
\SOUL@uldp=\dimen325
\SOUL@ulht=\dimen326
)
("C:\Users\Josh Johnson\AppData\Local\Programs\MiKTeX 2.9\tex/latex/appendix\ap
pendix.sty"
Package: appendix 2009/09/02 v1.2b extra appendix facilities
\c@@pps=\count362
\c@@ppsavesec=\count363
\c@@ppsaveapp=\count364
)
("C:\Users\Josh Johnson\AppData\Local\Programs\MiKTeX 2.9\tex/generic/babel\bab
el.sty"
Package: babel 2019/07/19 3.33 The Babel package

("C:\Users\Josh Johnson\AppData\Local\Programs\MiKTeX 2.9\tex/generic/babel\swi
tch.def"
File: switch.def 2019/07/19 3.33 Babel switching mechanism
)
*************************************
* Local config file bblopts.cfg used
*

("C:\Users\Josh Johnson\AppData\Local\Programs\MiKTeX 2.9\tex/latex/arabi\bblop
ts.cfg"
File: bblopts.cfg 2005/09/08 v0.1 add Arabic and Farsi to "declared" options of
 babel
)
("C:\Users\Josh Johnson\AppData\Local\Programs\MiKTeX 2.9\tex/latex/babel-engli
sh\australian.ldf"
Language: australian 2017/06/06 v3.3r English support from the babel system

("C:\Users\Josh Johnson\AppData\Local\Programs\MiKTeX 2.9\tex/latex/babel-engli
sh\english.ldf"
Language: english 2017/06/06 v3.3r English support from the babel system

("C:\Users\Josh Johnson\AppData\Local\Programs\MiKTeX 2.9\tex/generic/babel\bab
el.def"
File: babel.def 2019/07/19 3.33 Babel common definitions
\babel@savecnt=\count365
\U@D=\dimen327

("C:\Users\Josh Johnson\AppData\Local\Programs\MiKTeX 2.9\tex/generic/babel\txt
babel.def")
\bbl@dirlevel=\count366
)
\l@canadian = a dialect from \language\l@american 
\l@australian = a dialect from \language\l@british 
\l@newzealand = a dialect from \language\l@british 
)))
("C:\Users\Josh Johnson\AppData\Local\Programs\MiKTeX 2.9\tex/latex/csquotes\cs
quotes.sty"
Package: csquotes 2019/05/10 v5.2e context-sensitive quotations (JAW)
\csq@reset=\count367
\csq@gtype=\count368
\csq@glevel=\count369
\csq@qlevel=\count370
\csq@maxlvl=\count371
\csq@tshold=\count372
\csq@ltx@everypar=\toks56

("C:\Users\Josh Johnson\AppData\Local\Programs\MiKTeX 2.9\tex/latex/csquotes\cs
quotes.def"
File: csquotes.def 2019/05/10 v5.2e csquotes generic definitions (JAW)
)
Package csquotes Info: Trying to load configuration file 'csquotes.cfg'...
Package csquotes Info: ... configuration file loaded successfully.

("C:\Users\Josh Johnson\AppData\Local\Programs\MiKTeX 2.9\tex/latex/csquotes\cs
quotes.cfg"
File: csquotes.cfg 
))
("C:\Users\Josh Johnson\AppData\Local\Programs\MiKTeX 2.9\tex/latex/geometry\ge
ometry.sty"
Package: geometry 2018/04/16 v5.8 Page Geometry

("C:\Users\Josh Johnson\AppData\Local\Programs\MiKTeX 2.9\tex/generic/oberdiek\
ifvtex.sty"
Package: ifvtex 2016/05/16 v1.6 Detect VTeX and its facilities (HO)
Package ifvtex Info: VTeX not detected.
)
\Gm@cnth=\count373
\Gm@cntv=\count374
\c@Gm@tempcnt=\count375
\Gm@bindingoffset=\dimen328
\Gm@wd@mp=\dimen329
\Gm@odd@mp=\dimen330
\Gm@even@mp=\dimen331
\Gm@layoutwidth=\dimen332
\Gm@layoutheight=\dimen333
\Gm@layouthoffset=\dimen334
\Gm@layoutvoffset=\dimen335
\Gm@dimlist=\toks57

("C:\Users\Josh Johnson\AppData\Local\Programs\MiKTeX 2.9\tex/latex/geometry\ge
ometry.cfg"))
("C:\Users\Josh Johnson\AppData\Local\Programs\MiKTeX 2.9\tex/latex/lastpage\la
stpage.sty"
Package: lastpage 2015/03/29 v1.2m Refers to last page's name (HMM; JPG)
)
("C:\Users\Josh Johnson\AppData\Local\Programs\MiKTeX 2.9\tex/latex/hyperref\hy
perref.sty"
Package: hyperref 2019/09/12 v6.88i Hypertext links for LaTeX

("C:\Users\Josh Johnson\AppData\Local\Programs\MiKTeX 2.9\tex/generic/oberdiek\
hobsub-hyperref.sty"
Package: hobsub-hyperref 2016/05/16 v1.14 Bundle oberdiek, subset hyperref (HO)


("C:\Users\Josh Johnson\AppData\Local\Programs\MiKTeX 2.9\tex/generic/oberdiek\
hobsub-generic.sty"
Package: hobsub-generic 2016/05/16 v1.14 Bundle oberdiek, subset generic (HO)
Package: hobsub 2016/05/16 v1.14 Construct package bundles (HO)
Package hobsub Info: Skipping package `infwarerr' (already loaded).
Package hobsub Info: Skipping package `ltxcmds' (already loaded).
Package hobsub Info: Skipping package `ifluatex' (already loaded).
Package hobsub Info: Skipping package `ifvtex' (already loaded).
Package: intcalc 2016/05/16 v1.2 Expandable calculations with integers (HO)
Package hobsub Info: Skipping package `ifpdf' (already loaded).
Package hobsub Info: Skipping package `etexcmds' (already loaded).
Package hobsub Info: Skipping package `kvsetkeys' (already loaded).
Package hobsub Info: Skipping package `kvdefinekeys' (already loaded).
Package hobsub Info: Skipping package `pdftexcmds' (already loaded).
Package hobsub Info: Skipping package `pdfescape' (already loaded).
Package: bigintcalc 2016/05/16 v1.4 Expandable calculations on big integers (HO
)
Package: bitset 2016/05/16 v1.2 Handle bit-vector datatype (HO)
Package: uniquecounter 2016/05/16 v1.3 Provide unlimited unique counter (HO)
)
Package hobsub Info: Skipping package `hobsub' (already loaded).
Package: letltxmacro 2016/05/16 v1.5 Let assignment for LaTeX macros (HO)
Package: hopatch 2016/05/16 v1.3 Wrapper for package hooks (HO)
Package: xcolor-patch 2016/05/16 xcolor patch
Package: atveryend 2016/05/16 v1.9 Hooks at the very end of document (HO)
Package atveryend Info: \AP@enddocument detected (standard20110627).
Package hobsub Info: Skipping package `atbegshi' (already loaded).
Package: refcount 2016/05/16 v3.5 Data extraction from label references (HO)
Package: hycolor 2016/05/16 v1.8 Color options for hyperref/bookmark (HO)
)
\@linkdim=\dimen336
\Hy@linkcounter=\count376
\Hy@pagecounter=\count377

("C:\Users\Josh Johnson\AppData\Local\Programs\MiKTeX 2.9\tex/latex/hyperref\pd
1enc.def"
File: pd1enc.def 2019/09/12 v6.88i Hyperref: PDFDocEncoding definition (HO)
Now handling font encoding PD1 ...
... no UTF-8 mapping file for font encoding PD1
)
\Hy@SavedSpaceFactor=\count378

("C:\Users\Josh Johnson\AppData\Local\Programs\MiKTeX 2.9\tex/latex/00miktex\hy
perref.cfg"
File: hyperref.cfg 2002/06/06 v1.2 hyperref configuration of TeXLive
)
Package hyperref Info: Hyper figures OFF on input line 4550.
Package hyperref Info: Link nesting OFF on input line 4555.
Package hyperref Info: Hyper index ON on input line 4558.
Package hyperref Info: Plain pages OFF on input line 4565.
Package hyperref Info: Backreferencing OFF on input line 4570.
Package hyperref Info: Implicit mode ON; LaTeX internals redefined.
Package hyperref Info: Bookmarks ON on input line 4803.
\c@Hy@tempcnt=\count379

("C:\Users\Josh Johnson\AppData\Local\Programs\MiKTeX 2.9\tex/latex/url\url.sty
"
\Urlmuskip=\muskip17
Package: url 2013/09/16  ver 3.4  Verb mode for urls, etc.
)
LaTeX Info: Redefining \url on input line 5156.
\XeTeXLinkMargin=\dimen337
\Fld@menulength=\count380
\Field@Width=\dimen338
\Fld@charsize=\dimen339
Package hyperref Info: Hyper figures OFF on input line 6411.
Package hyperref Info: Link nesting OFF on input line 6416.
Package hyperref Info: Hyper index ON on input line 6419.
Package hyperref Info: backreferencing OFF on input line 6426.
Package hyperref Info: Link coloring OFF on input line 6431.
Package hyperref Info: Link coloring with OCG OFF on input line 6436.
Package hyperref Info: PDF/A mode OFF on input line 6441.
LaTeX Info: Redefining \ref on input line 6481.
LaTeX Info: Redefining \pageref on input line 6485.
\Hy@abspage=\count381
\c@Item=\count382
\c@Hfootnote=\count383
)
Package hyperref Info: Driver (autodetected): hpdftex.

("C:\Users\Josh Johnson\AppData\Local\Programs\MiKTeX 2.9\tex/latex/hyperref\hp
dftex.def"
File: hpdftex.def 2019/09/12 v6.88i Hyperref driver for pdfTeX
\HyAnn@Count=\count384
\Fld@listcount=\count385
\c@bookmark@seq@number=\count386

("C:\Users\Josh Johnson\AppData\Local\Programs\MiKTeX 2.9\tex/latex/oberdiek\re
runfilecheck.sty"
Package: rerunfilecheck 2016/05/16 v1.8 Rerun checks for auxiliary files (HO)
Package uniquecounter Info: New unique counter `rerunfilecheck' on input line 2
82.
)
\Hy@SectionHShift=\skip161
)
("C:\Users\Josh Johnson\AppData\Local\Programs\MiKTeX 2.9\tex/latex/cleveref\cl
everef.sty"
Package: cleveref 2018/03/27 v0.21.4 Intelligent cross-referencing
Package cleveref Info: `hyperref' support loaded on input line 2370.
LaTeX Info: Redefining \cref on input line 2370.
LaTeX Info: Redefining \Cref on input line 2370.
LaTeX Info: Redefining \crefrange on input line 2370.
LaTeX Info: Redefining \Crefrange on input line 2370.
LaTeX Info: Redefining \cpageref on input line 2370.
LaTeX Info: Redefining \Cpageref on input line 2370.
LaTeX Info: Redefining \cpagerefrange on input line 2370.
LaTeX Info: Redefining \Cpagerefrange on input line 2370.
LaTeX Info: Redefining \labelcref on input line 2370.
LaTeX Info: Redefining \labelcpageref on input line 2370.
Package cleveref Info: `listings' support loaded on input line 3131.
Package cleveref Info: `algorithm2e' support loaded on input line 3147.
)
("C:\Users\Josh Johnson\AppData\Local\Programs\MiKTeX 2.9\tex/latex/mathtools\m
athtools.sty"
Package: mathtools 2019/07/31 v1.22 mathematical typesetting tools

("C:\Users\Josh Johnson\AppData\Local\Programs\MiKTeX 2.9\tex/latex/mathtools\m
hsetup.sty"
Package: mhsetup 2017/03/31 v1.3 programming setup (MH)
)
LaTeX Info: Thecontrolsequence`\('isalreadyrobust on input line 129.
LaTeX Info: Thecontrolsequence`\)'isalreadyrobust on input line 129.
LaTeX Info: Thecontrolsequence`\['isalreadyrobust on input line 129.
LaTeX Info: Thecontrolsequence`\]'isalreadyrobust on input line 129.
\g_MT_multlinerow_int=\count387
\l_MT_multwidth_dim=\dimen340
\origjot=\skip162
\l_MT_shortvdotswithinadjustabove_dim=\dimen341
\l_MT_shortvdotswithinadjustbelow_dim=\dimen342
\l_MT_above_intertext_sep=\dimen343
\l_MT_below_intertext_sep=\dimen344
\l_MT_above_shortintertext_sep=\dimen345
\l_MT_below_shortintertext_sep=\dimen346
)
("C:\Users\Josh Johnson\AppData\Local\Programs\MiKTeX 2.9\tex/latex/enumitem\en
umitem.sty"
Package: enumitem 2019/06/20 v3.9 Customized lists
\enitkv@toks@=\toks58
\labelindent=\skip163
\enit@outerparindent=\dimen347
\enit@toks=\toks59
\enit@inbox=\box130
\enit@count@id=\count388
\enitdp@description=\count389
)
("C:\Users\Josh Johnson\AppData\Local\Programs\MiKTeX 2.9\tex/latex/biblatex\bi
blatex.sty"
Package: biblatex 2019/08/31 v3.13a programmable bibliographies (PK/MW)

("C:\Users\Josh Johnson\AppData\Local\Programs\MiKTeX 2.9\tex/latex/logreq\logr
eq.sty"
Package: logreq 2010/08/04 v1.0 xml request logger
\lrq@indent=\count390

("C:\Users\Josh Johnson\AppData\Local\Programs\MiKTeX 2.9\tex/latex/logreq\logr
eq.def"
File: logreq.def 2010/08/04 v1.0 logreq spec v1.0
))
\c@tabx@nest=\count391
\c@listtotal=\count392
\c@listcount=\count393
\c@liststart=\count394
\c@liststop=\count395
\c@citecount=\count396
\c@citetotal=\count397
\c@multicitecount=\count398
\c@multicitetotal=\count399
\c@instcount=\count400
\c@maxnames=\count401
\c@minnames=\count402
\c@maxitems=\count403
\c@minitems=\count404
\c@citecounter=\count405
\c@maxcitecounter=\count406
\c@savedcitecounter=\count407
\c@uniquelist=\count408
\c@uniquename=\count409
\c@refsection=\count410
\c@refsegment=\count411
\c@maxextratitle=\count412
\c@maxextratitleyear=\count413
\c@maxextraname=\count414
\c@maxextradate=\count415
\c@maxextraalpha=\count416
\c@abbrvpenalty=\count417
\c@highnamepenalty=\count418
\c@lownamepenalty=\count419
\c@maxparens=\count420
\c@parenlevel=\count421
\blx@tempcnta=\count422
\blx@tempcntb=\count423
\blx@tempcntc=\count424
\blx@maxsection=\count425
\blx@maxsegment@0=\count426
\blx@notetype=\count427
\blx@parenlevel@text=\count428
\blx@parenlevel@foot=\count429
\blx@sectionciteorder@0=\count430
\blx@entrysetcounter=\count431
\labelnumberwidth=\skip164
\labelalphawidth=\skip165
\biblabelsep=\skip166
\bibitemsep=\skip167
\bibnamesep=\skip168
\bibinitsep=\skip169
\bibparsep=\skip170
\bibhang=\skip171
\blx@bcfin=\read4
\blx@bcfout=\write6
\blx@langwohyphens=\language82
\c@mincomprange=\count432
\c@maxcomprange=\count433
\c@mincompwidth=\count434
Package biblatex Info: Trying to load biblatex default data model...
Package biblatex Info: ... file 'blx-dm.def' found.

("C:\Users\Josh Johnson\AppData\Local\Programs\MiKTeX 2.9\tex/latex/biblatex\bl
x-dm.def"
File: blx-dm.def 2019/08/31 v3.13a biblatex localization (PK/MW)
)
Package biblatex Info: Trying to load biblatex style data model...
Package biblatex Info: ... file 'ieee.dbx' not found.
Package biblatex Info: Trying to load biblatex custom data model...
Package biblatex Info: ... file 'biblatex-dm.cfg' not found.
\c@afterword=\count435
\c@savedafterword=\count436
\c@annotator=\count437
\c@savedannotator=\count438
\c@author=\count439
\c@savedauthor=\count440
\c@bookauthor=\count441
\c@savedbookauthor=\count442
\c@commentator=\count443
\c@savedcommentator=\count444
\c@editor=\count445
\c@savededitor=\count446
\c@editora=\count447
\c@savededitora=\count448
\c@editorb=\count449
\c@savededitorb=\count450
\c@editorc=\count451
\c@savededitorc=\count452
\c@foreword=\count453
\c@savedforeword=\count454
\c@holder=\count455
\c@savedholder=\count456
\c@introduction=\count457
\c@savedintroduction=\count458
\c@namea=\count459
\c@savednamea=\count460
\c@nameb=\count461
\c@savednameb=\count462
\c@namec=\count463
\c@savednamec=\count464
\c@translator=\count465
\c@savedtranslator=\count466
\c@shortauthor=\count467
\c@savedshortauthor=\count468
\c@shorteditor=\count469
\c@savedshorteditor=\count470
\c@labelname=\count471
\c@savedlabelname=\count472
\c@institution=\count473
\c@savedinstitution=\count474
\c@lista=\count475
\c@savedlista=\count476
\c@listb=\count477
\c@savedlistb=\count478
\c@listc=\count479
\c@savedlistc=\count480
\c@listd=\count481
\c@savedlistd=\count482
\c@liste=\count483
\c@savedliste=\count484
\c@listf=\count485
\c@savedlistf=\count486
\c@location=\count487
\c@savedlocation=\count488
\c@organization=\count489
\c@savedorganization=\count490
\c@origlocation=\count491
\c@savedoriglocation=\count492
\c@origpublisher=\count493
\c@savedorigpublisher=\count494
\c@publisher=\count495
\c@savedpublisher=\count496
\c@language=\count497
\c@savedlanguage=\count498
\c@origlanguage=\count499
\c@savedoriglanguage=\count500
\c@pageref=\count501
\c@savedpageref=\count502
\shorthandwidth=\skip172
\shortjournalwidth=\skip173
\shortserieswidth=\skip174
\shorttitlewidth=\skip175
\shortauthorwidth=\skip176
\shorteditorwidth=\skip177
\locallabelnumberwidth=\skip178
\locallabelalphawidth=\skip179
\localshorthandwidth=\skip180
\localshortjournalwidth=\skip181
\localshortserieswidth=\skip182
\localshorttitlewidth=\skip183
\localshortauthorwidth=\skip184
\localshorteditorwidth=\skip185
Package biblatex Info: Trying to load compatibility code...
Package biblatex Info: ... file 'blx-compat.def' found.

("C:\Users\Josh Johnson\AppData\Local\Programs\MiKTeX 2.9\tex/latex/biblatex\bl
x-compat.def"
File: blx-compat.def 2019/08/31 v3.13a biblatex compatibility (PK/MW)
)
Package biblatex Info: Trying to load generic definitions...
Package biblatex Info: ... file 'biblatex.def' found.

("C:\Users\Josh Johnson\AppData\Local\Programs\MiKTeX 2.9\tex/latex/biblatex\bi
blatex.def"
File: biblatex.def 2019/08/31 v3.13a biblatex compatibility (PK/MW)
\c@textcitecount=\count503
\c@textcitetotal=\count504
\c@textcitemaxnames=\count505
\c@biburlbigbreakpenalty=\count506
\c@biburlbreakpenalty=\count507
\c@biburlnumpenalty=\count508
\c@biburlucpenalty=\count509
\c@biburllcpenalty=\count510
\biburlbigskip=\muskip18
\biburlnumskip=\muskip19
\biburlucskip=\muskip20
\biburllcskip=\muskip21
\c@smartand=\count511
)
Package biblatex Info: Trying to load bibliography style 'ieee'...
Package biblatex Info: ... file 'ieee.bbx' found.

("C:\Users\Josh Johnson\AppData\Local\Programs\MiKTeX 2.9\tex/latex/biblatex-ie
ee\ieee.bbx"
File: ieee.bbx 2019/06/19 v1.3a biblatex bibliography style
Package biblatex Info: Trying to load bibliography style 'numeric-comp'...
Package biblatex Info: ... file 'numeric-comp.bbx' found.

("C:\Users\Josh Johnson\AppData\Local\Programs\MiKTeX 2.9\tex/latex/biblatex/bb
x\numeric-comp.bbx"
File: numeric-comp.bbx 2019/08/31 v3.13a biblatex bibliography style (PK/MW)
Package biblatex Info: Trying to load bibliography style 'numeric'...
Package biblatex Info: ... file 'numeric.bbx' found.

("C:\Users\Josh Johnson\AppData\Local\Programs\MiKTeX 2.9\tex/latex/biblatex/bb
x\numeric.bbx"
File: numeric.bbx 2019/08/31 v3.13a biblatex bibliography style (PK/MW)
Package biblatex Info: Trying to load bibliography style 'standard'...
Package biblatex Info: ... file 'standard.bbx' found.

("C:\Users\Josh Johnson\AppData\Local\Programs\MiKTeX 2.9\tex/latex/biblatex/bb
x\standard.bbx"
File: standard.bbx 2019/08/31 v3.13a biblatex bibliography style (PK/MW)
\c@bbx:relatedcount=\count512
\c@bbx:relatedtotal=\count513
))))
Package biblatex Info: Trying to load citation style 'ieee'...
Package biblatex Info: ... file 'ieee.cbx' found.

("C:\Users\Josh Johnson\AppData\Local\Programs\MiKTeX 2.9\tex/latex/biblatex-ie
ee\ieee.cbx"
File: ieee.cbx 2019/06/19 v1.3a biblatex citation style
Package biblatex Info: Trying to load citation style 'numeric-comp'...
Package biblatex Info: ... file 'numeric-comp.cbx' found.

("C:\Users\Josh Johnson\AppData\Local\Programs\MiKTeX 2.9\tex/latex/biblatex/cb
x\numeric-comp.cbx"
File: numeric-comp.cbx 2019/08/31 v3.13a biblatex citation style (PK/MW)
\c@cbx@tempcnta=\count514
\c@cbx@tempcntb=\count515
Package biblatex Info: Redefining '\cite'.
Package biblatex Info: Redefining '\parencite'.
Package biblatex Info: Redefining '\footcite'.
Package biblatex Info: Redefining '\footcitetext'.
Package biblatex Info: Redefining '\smartcite'.
Package biblatex Info: Redefining '\supercite'.
Package biblatex Info: Redefining '\textcite'.
Package biblatex Info: Redefining '\textcites'.
Package biblatex Info: Redefining '\cites'.
Package biblatex Info: Redefining '\parencites'.
Package biblatex Info: Redefining '\smartcites'.
)
Package biblatex Info: Redefining '\cite'.
Package biblatex Info: Redefining '\cites'.
)
Package biblatex Info: Trying to load configuration file...
Package biblatex Info: ... file 'biblatex.cfg' found.

("C:\Users\Josh Johnson\AppData\Local\Programs\MiKTeX 2.9\tex/latex/biblatex\bi
blatex.cfg"
File: biblatex.cfg 
)))
Package csquotes Info: Checking for multilingual support...
Package csquotes Info: ... found 'babel' package.
Package csquotes Info: Adjusting default style.
Package csquotes Info: Redefining alias 'default' -> 'australian'.
Package biblatex Info: Trying to load language 'australian'...
Package biblatex Info: ... file 'australian.lbx' found.

("C:\Users\Josh Johnson\AppData\Local\Programs\MiKTeX 2.9\tex/latex/biblatex/lb
x\australian.lbx"
File: australian.lbx 2019/08/31 v3.13a biblatex localization (PK/MW)
Package biblatex Info: Trying to load language 'british'...
Package biblatex Info: ... file 'british.lbx' found.

("C:\Users\Josh Johnson\AppData\Local\Programs\MiKTeX 2.9\tex/latex/biblatex/lb
x\british.lbx"
File: british.lbx 2019/08/31 v3.13a biblatex localization (PK/MW)
)
Package biblatex Info: Trying to load language 'english'...
Package biblatex Info: ... file 'english.lbx' found.

("C:\Users\Josh Johnson\AppData\Local\Programs\MiKTeX 2.9\tex/latex/biblatex/lb
x\english.lbx"
File: english.lbx 2019/08/31 v3.13a biblatex localization (PK/MW)
)) (thesis.aux)
\openout1 = `thesis.aux'.

LaTeX Font Info:    Checking defaults for OML/cmm/m/it on input line 6.
LaTeX Font Info:    ... okay on input line 6.
LaTeX Font Info:    Checking defaults for T1/cmr/m/n on input line 6.
LaTeX Font Info:    ... okay on input line 6.
LaTeX Font Info:    Checking defaults for OT1/cmr/m/n on input line 6.
LaTeX Font Info:    ... okay on input line 6.
LaTeX Font Info:    Checking defaults for OMS/cmsy/m/n on input line 6.
LaTeX Font Info:    ... okay on input line 6.
LaTeX Font Info:    Checking defaults for OMX/cmex/m/n on input line 6.
LaTeX Font Info:    ... okay on input line 6.
LaTeX Font Info:    Checking defaults for U/cmr/m/n on input line 6.
LaTeX Font Info:    ... okay on input line 6.
LaTeX Font Info:    Checking defaults for TS1/cmr/m/n on input line 6.
LaTeX Font Info:    ... okay on input line 6.
LaTeX Font Info:    Checking defaults for PD1/pdf/m/n on input line 6.
LaTeX Font Info:    ... okay on input line 6.

("C:\Users\Josh Johnson\AppData\Local\Programs\MiKTeX 2.9\tex/context/base/mkii
\supp-pdf.mkii"
[Loading MPS to PDF converter (version 2006.09.02).]
\scratchcounter=\count516
\scratchdimen=\dimen348
\scratchbox=\box131
\nofMPsegments=\count517
\nofMParguments=\count518
\everyMPshowfont=\toks60
\MPscratchCnt=\count519
\MPscratchDim=\dimen349
\MPnumerator=\count520
\makeMPintoPDFobject=\count521
\everyMPtoPDFconversion=\toks61
)
("C:\Users\Josh Johnson\AppData\Local\Programs\MiKTeX 2.9\tex/latex/oberdiek\ep
stopdf-base.sty"
Package: epstopdf-base 2016/05/15 v2.6 Base part for package epstopdf

("C:\Users\Josh Johnson\AppData\Local\Programs\MiKTeX 2.9\tex/latex/oberdiek\gr
fext.sty"
Package: grfext 2016/05/16 v1.2 Manage graphics extensions (HO)
)
Package epstopdf-base Info: Redefining graphics rule for `.eps' on input line 4
38.
Package grfext Info: Graphics extension search list:
(grfext)             [.pdf,.png,.jpg,.mps,.jpeg,.jbig2,.jb2,.PDF,.PNG,.JPG,.JPE
G,.JBIG2,.JB2,.eps]
(grfext)             \AppendGraphicsExtensions on input line 456.
)
\AtBeginShipoutBox=\box132
 ABD: EveryShipout initializing macros
\c@lstlisting=\count522
Package caption Info: Begin \AtBeginDocument code.
Package caption Info: float package is loaded.
Package caption Info: hyperref package is loaded.
Package caption Info: rotating package is loaded.
Package caption Info: threeparttable package is loaded.
Package caption Info: End \AtBeginDocument code.

*geometry* driver: auto-detecting
*geometry* detected driver: pdftex
*geometry* verbose mode - [ preamble ] result:
* driver: pdftex
* paper: a4paper
* layout: <same size as paper>
* layoutoffset:(h,v)=(0.0pt,0.0pt)
* modes: 
* h-part:(L,W,R)=(85.35826pt, 441.01773pt, 71.13188pt)
* v-part:(T,H,B)=(56.9055pt, 717.00946pt, 71.13188pt)
* \paperwidth=597.50787pt
* \paperheight=845.04684pt
* \textwidth=441.01773pt
* \textheight=717.00946pt
* \oddsidemargin=13.08827pt
* \evensidemargin=13.08827pt
* \topmargin=-68.81723pt
* \headheight=28.45274pt
* \headsep=25.0pt
* \topskip=12.0pt
* \footskip=30.0pt
* \marginparwidth=35.0pt
* \marginparsep=10.0pt
* \columnsep=10.0pt
* \skip\footins=10.8pt plus 4.0pt minus 2.0pt
* \hoffset=0.0pt
* \voffset=0.0pt
* \mag=1000
* \@twocolumnfalse
* \@twosidefalse
* \@mparswitchfalse
* \@reversemarginfalse
* (1in=72.27pt=25.4mm, 1cm=28.453pt)

Package lastpage Info: Please have a look at the pageslts package at
(lastpage)             https://www.ctan.org/pkg/pageslts
(lastpage)             ! on input line 6.
Package hyperref Info: Link coloring OFF on input line 6.

("C:\Users\Josh Johnson\AppData\Local\Programs\MiKTeX 2.9\tex/latex/hyperref\na
meref.sty"
Package: nameref 2019/09/12 v2.45 Cross-referencing by name of section

("C:\Users\Josh Johnson\AppData\Local\Programs\MiKTeX 2.9\tex/generic/oberdiek\
gettitlestring.sty"
Package: gettitlestring 2016/05/16 v1.5 Cleanup title references (HO)
)
\c@section@level=\count523
)
LaTeX Info: Redefining \ref on input line 6.
LaTeX Info: Redefining \pageref on input line 6.
LaTeX Info: Redefining \nameref on input line 6.
 (thesis.out) (thesis.out)
\@outlinefile=\write7
\openout7 = `thesis.out'.

Package biblatex Info: Input encoding 'utf8' detected.
Package biblatex Info: Automatic encoding selection.
(biblatex)             Assuming data encoding 'utf8'.
\openout6 = `thesis.bcf'.

Package biblatex Info: Trying to load bibliographic data...
Package biblatex Info: ... file 'thesis.bbl' found.
 (thesis.bbl)
Package biblatex Info: Reference section=0 on input line 6.
Package biblatex Info: Reference segment=0 on input line 6.

(header-footer/title.tex
<images/anu-logo.jpg, id=234, 2249.40375pt x 770.88pt>
File: images/anu-logo.jpg Graphic file (type jpg)
<use images/anu-logo.jpg>
Package pdftex.def Info: images/anu-logo.jpg  used on input line 9.
(pdftex.def)             Requested size: 220.50887pt x 75.56337pt.
 [1

{C:/Users/Josh Johnson/AppData/Local/MiKTeX/2.9/pdftex/config/pdftex.map} <./im
ages/anu-logo.jpg>]) (header-footer/copying.tex)
[0


] (header-footer/abstract.tex) [1] (thesis.toc [2])
\tf@toc=\write8
\openout8 = `thesis.toc'.

 [3] (thesis.lof [4])
\tf@lof=\write9
\openout9 = `thesis.lof'.


[5] (thesis.lot)
\tf@lot=\write10
\openout10 = `thesis.lot'.

 [6] (header-footer/glossary.tex [7]) [8]
(chapters/introduction.texpdfTeX warning (ext4): destination with the same iden
tifier (name{page.1}) has been already used, duplicate ignored
<to be read again> 
                   \relax 
l.11 \newpage
              [1] [2]) [3] (chapters/requirements_constraints.tex
LaTeX Font Info:    Try loading font information for OMS+cmr on input line 10.

("C:\Users\Josh Johnson\AppData\Local\Programs\MiKTeX 2.9\tex/latex/base\omscmr
.fd"
File: omscmr.fd 2014/09/29 v2.5h Standard LaTeX font definitions
)
LaTeX Font Info:    Font shape `OMS/cmr/m/n' in size <12> not available
(Font)              Font shape `OMS/cmsy/m/n' tried instead on input line 10.
 [4]) [5] (chapters/design.tex
<images/keysight_vna_block_diag.PNG, id=466, 699.36281pt x 608.2725pt>
File: images/keysight_vna_block_diag.PNG Graphic file (type png)
<use images/keysight_vna_block_diag.PNG>
Package pdftex.def Info: images/keysight_vna_block_diag.PNG  used on input line
 8.
(pdftex.def)             Requested size: 264.61333pt x 230.15283pt.
 [6 <./images/keysight_vna_block_diag.PNG>]
[7] [8] [9]
<images/josh_block_diag.png, id=495, 1180.41pt x 829.59938pt>
File: images/josh_block_diag.png Graphic file (type png)
<use images/josh_block_diag.png>
Package pdftex.def Info: images/josh_block_diag.png  used on input line 61.
(pdftex.def)             Requested size: 573.60976pt x 403.14006pt.
 [10 <./images/josh_block_diag.png>]
Overfull \hbox (12.24501pt too wide) in paragraph at lines 92--99
 [][] 
 []

[11


] [12]
<images/ad8302_blockdiagram.png, id=515, 496.85625pt x 394.47375pt>
File: images/ad8302_blockdiagram.png Graphic file (type png)
<use images/ad8302_blockdiagram.png>
Package pdftex.def Info: images/ad8302_blockdiagram.png  used on input line 152
.
(pdftex.def)             Requested size: 264.61333pt x 210.08733pt.
 [13]
<images/ad8302_gain_conformance_error.png, id=521, 703.12688pt x 511.9125pt>
File: images/ad8302_gain_conformance_error.png Graphic file (type png)
<use images/ad8302_gain_conformance_error.png>
Package pdftex.def Info: images/ad8302_gain_conformance_error.png  used on inpu
t line 163.
(pdftex.def)             Requested size: 264.61333pt x 192.64629pt.
<images/ad8302_phase_frequency.png, id=524, 645.91313pt x 503.63156pt>
File: images/ad8302_phase_frequency.png Graphic file (type png)
<use images/ad8302_phase_frequency.png>
Package pdftex.def Info: images/ad8302_phase_frequency.png  used on input line 
172.
(pdftex.def)             Requested size: 264.61333pt x 206.3212pt.
 [14 <./images/ad8302_blockdiagram.png> <./images/ad8302_gain_conformance_error
.png>]
<images/ad8302_phase_error.png, id=533, 689.57625pt x 510.40688pt>
File: images/ad8302_phase_error.png Graphic file (type png)
<use images/ad8302_phase_error.png>
Package pdftex.def Info: images/ad8302_phase_error.png  used on input line 181.

(pdftex.def)             Requested size: 264.61333pt x 195.85693pt.
 [15 <./images/ad8302_phase_frequency.png>] [16 <./images/ad8302_phase_error.pn
g>] [17]
<images/sw_flowchart.png, id=554, 832.61063pt x 521.69907pt>
File: images/sw_flowchart.png Graphic file (type png)
<use images/sw_flowchart.png>
Package pdftex.def Info: images/sw_flowchart.png  used on input line 204.
(pdftex.def)             Requested size: 609.46242pt x 381.89589pt.
 [18

 <./images/sw_flowchart.png>])
(chapters/implementation_assembly.tex [19

]
<images/jlc_stackup.png, id=567, 440.39531pt x 224.33812pt>
File: images/jlc_stackup.png Graphic file (type png)
<use images/jlc_stackup.png>
Package pdftex.def Info: images/jlc_stackup.png  used on input line 18.
(pdftex.def)             Requested size: 352.81552pt x 179.7309pt.
 [20 <./images/jlc_stackup.png>]
[21]
<images/ground_cutouts.png, id=583, 481.04718pt x 251.43938pt>
File: images/ground_cutouts.png Graphic file (type png)
<use images/ground_cutouts.png>
Package pdftex.def Info: images/ground_cutouts.png  used on input line 57.
(pdftex.def)             Requested size: 286.65883pt x 149.83655pt.
<images/layer_change.png, id=584, 316.93407pt x 317.68687pt>
File: images/layer_change.png Graphic file (type png)
<use images/layer_change.png>
Package pdftex.def Info: images/layer_change.png  used on input line 64.
(pdftex.def)             Requested size: 176.40439pt x 176.82727pt.
 [22 <./images/ground_cutouts.png> <./images/layer_change.png>]
<images/pcb_layout.png, id=591, 885.3075pt x 586.44093pt>
File: images/pcb_layout.png Graphic file (type png)
<use images/pcb_layout.png>
Package pdftex.def Info: images/pcb_layout.png  used on input line 72.
(pdftex.def)             Requested size: 645.30412pt x 427.48088pt.


LaTeX Warning: Float too large for page by 10.96313pt on input line 75.

[23 <./images/pcb_layout.png>]
<images/assembledVNA.jpg, id=600, 960.98451pt x 662.81914pt>
File: images/assembledVNA.jpg Graphic file (type jpg)
<use images/assembledVNA.jpg>
Package pdftex.def Info: images/assembledVNA.jpg  used on input line 83.
(pdftex.def)             Requested size: 441.01773pt x 304.18242pt.
 [24


 <./images/assembledVNA.jpg>]
Overfull \hbox (9.29425pt too wide) in paragraph at lines 104--139
 [][] 
 []


LaTeX Warning: `!h' float specifier changed to `!ht'.

[25] [26]
<images/ecal_schematic.png, id=617, 983.92593pt x 476.53032pt>
File: images/ecal_schematic.png Graphic file (type png)
<use images/ecal_schematic.png>
Package pdftex.def Info: images/ecal_schematic.png  used on input line 151.
(pdftex.def)             Requested size: 441.01773pt x 213.5932pt.
 [27 <./images/ecal_schematic.png>] [28] [29] [30]
<images/log_conformance_compensation_zoomed.png, id=648, 421.575pt x 316.18124p
t>
File: images/log_conformance_compensation_zoomed.png Graphic file (type png)
<use images/log_conformance_compensation_zoomed.png>
Package pdftex.def Info: images/log_conformance_compensation_zoomed.png  used o
n input line 209.
(pdftex.def)             Requested size: 352.81552pt x 264.61588pt.
 [31 <./images/log_conformance_compensation_zoomed.png (PNG copy)>] [32]
<images/phase_correction.png, id=660, 722.7pt x 578.16pt>
File: images/phase_correction.png Graphic file (type png)
<use images/phase_correction.png>
Package pdftex.def Info: images/phase_correction.png  used on input line 236.
(pdftex.def)             Requested size: 396.91325pt x 317.53023pt.
 [33 <./images/phase_correction.png>]
<images/vna_errors.png, id=669, 568.37344pt x 243.15843pt>
File: images/vna_errors.png Graphic file (type png)
<use images/vna_errors.png>
Package pdftex.def Info: images/vna_errors.png  used on input line 249.
(pdftex.def)             Requested size: 441.01773pt x 188.67958pt.
) [34 <./images/vna_errors.png>] (chapters/calibration_testing.tex
<images/900_MHz_LPF_s11.png, id=683, 722.7pt x 578.16pt>
File: images/900_MHz_LPF_s11.png Graphic file (type png)
<use images/900_MHz_LPF_s11.png>
Package pdftex.def Info: images/900_MHz_LPF_s11.png  used on input line 14.
(pdftex.def)             Requested size: 441.01773pt x 352.81824pt.

[35]
<images/900_MHz_LPF_s21.png, id=692, 722.7pt x 578.16pt>
File: images/900_MHz_LPF_s21.png Graphic file (type png)
<use images/900_MHz_LPF_s21.png>
Package pdftex.def Info: images/900_MHz_LPF_s21.png  used on input line 23.
(pdftex.def)             Requested size: 441.01773pt x 352.81824pt.
 [36 <./images/900_MHz_LPF_s11.png>] [37 <./images/900_MHz_LPF_s21.png>]
<images/power_unlevel.png, id=705, 722.7pt x 578.16pt>
File: images/power_unlevel.png Graphic file (type png)
<use images/power_unlevel.png>
Package pdftex.def Info: images/power_unlevel.png  used on input line 34.
(pdftex.def)             Requested size: 441.01773pt x 352.81824pt.

[38 <./images/power_unlevel.png>]
<images/LFCN-400-s21.png, id=717, 722.7pt x 578.16pt>
File: images/LFCN-400-s21.png Graphic file (type png)
<use images/LFCN-400-s21.png>
Package pdftex.def Info: images/LFCN-400-s21.png  used on input line 51.
(pdftex.def)             Requested size: 441.01773pt x 352.81824pt.
 [39]
Overfull \hbox (4.13329pt too wide) in paragraph at lines 56--57
[]\T1/cmr/m/n/12 This be-ha-viour has been seen on nu-mer-ous meas-ure-ments, a
nd typ-ic-ally oc-curs whenever
 []

<images/LFCN-400-smith.png, id=723, 722.7pt x 578.16pt>
File: images/LFCN-400-smith.png Graphic file (type png)
<use images/LFCN-400-smith.png>
Package pdftex.def Info: images/LFCN-400-smith.png  used on input line 60.
(pdftex.def)             Requested size: 418.96548pt x 335.17424pt.
[40 <./images/LFCN-400-s21.png>]
<images/load_cal_issues.png, id=730, 722.7pt x 867.24pt>
File: images/load_cal_issues.png Graphic file (type png)
<use images/load_cal_issues.png>
Package pdftex.def Info: images/load_cal_issues.png  used on input line 72.
(pdftex.def)             Requested size: 352.81552pt x 423.3766pt.
 [41 <./images/LFCN-400-smith.png>] [42 <./images/load_cal_issues.png>]) [43]
Overfull \hbox (0.64372pt too wide) in paragraph at lines 56--56
[]\T1/cmr/m/n/12 Keysight Tech-no-lo-gies. (2014). Net-work Ana-lyser Ba-sics, 
[On-line]. Avail-able: []$http :
 []


Overfull \hbox (13.89432pt too wide) in paragraph at lines 56--56
[]\T1/cmr/m/n/12 ST Mi-cro-elec-tron-ics. (2012). Get-ting star-ted with STM32F
37x/38x SDADC (Sigma-
 []


Overfull \hbox (1.33212pt too wide) in paragraph at lines 56--56
[]\T1/cmr/m/n/12 Nuclearrambo. (2019). Com-par-ing Nan-oVNA with the Key-sight 
Field-fox N9952A,
 []

[44] (header-footer/appendix.tex
Overfull \hbox (7.37845pt too wide) in paragraph at lines 4--6
\T1/cmr/m/n/12 All files used in the design of the VNA can be found at []$https
 : / / github . com / joshajohnson /
 []

[45]
<images/vna_assembled.jpg, id=803, 844.65562pt x 484.05844pt>
File: images/vna_assembled.jpg Graphic file (type jpg)
<use images/vna_assembled.jpg>
Package pdftex.def Info: images/vna_assembled.jpg  used on input line 45.
(pdftex.def)             Requested size: 645.30412pt x 369.8234pt.
<images/vna.pdf, id=804, page=1, 845.1575pt x 598.235pt>
File: images/vna.pdf Graphic file (type pdf)
<use images/vna.pdf, page 1>
Package pdftex.def Info: images/vna.pdf , page1 used on input line 52.
(pdftex.def)             Requested size: 609.46242pt x 431.4135pt.


LaTeX Warning: Float too large for page by 14.89575pt on input line 55.

<images/vna.pdf, id=805, page=2, 845.1575pt x 598.235pt>
File: images/vna.pdf Graphic file (type pdf)
<use images/vna.pdf, page 2>
Package pdftex.def Info: images/vna.pdf , page2 used on input line 59.
(pdftex.def)             Requested size: 609.46242pt x 431.4135pt.

LaTeX Warning: Float too large for page by 14.89575pt on input line 62.

<images/vna.pdf, id=806, page=6, 845.1575pt x 598.235pt>
File: images/vna.pdf Graphic file (type pdf)
<use images/vna.pdf, page 6>
Package pdftex.def Info: images/vna.pdf , page6 used on input line 66.
(pdftex.def)             Requested size: 609.46242pt x 431.4135pt.

LaTeX Warning: Float too large for page by 14.89575pt on input line 69.

<images/vna.pdf, id=807, page=4, 845.1575pt x 598.235pt>
File: images/vna.pdf Graphic file (type pdf)
<use images/vna.pdf, page 4>
Package pdftex.def Info: images/vna.pdf , page4 used on input line 73.
(pdftex.def)             Requested size: 609.46242pt x 431.4135pt.

LaTeX Warning: Float too large for page by 14.89575pt on input line 76.

<images/vna.pdf, id=808, page=5, 845.1575pt x 598.235pt>
File: images/vna.pdf Graphic file (type pdf)
<use images/vna.pdf, page 5>
Package pdftex.def Info: images/vna.pdf , page5 used on input line 80.
(pdftex.def)             Requested size: 609.46242pt x 431.4135pt.

LaTeX Warning: Float too large for page by 14.89575pt on input line 83.

<images/vna.pdf, id=809, page=7, 845.1575pt x 598.235pt>
File: images/vna.pdf Graphic file (type pdf)
<use images/vna.pdf, page 7>
Package pdftex.def Info: images/vna.pdf , page7 used on input line 87.
(pdftex.def)             Requested size: 609.46242pt x 431.4135pt.

LaTeX Warning: Float too large for page by 14.89575pt on input line 90.

<images/vna.pdf, id=810, page=8, 845.1575pt x 598.235pt>
File: images/vna.pdf Graphic file (type pdf)
<use images/vna.pdf, page 8>
Package pdftex.def Info: images/vna.pdf , page8 used on input line 94.
(pdftex.def)             Requested size: 609.46242pt x 431.4135pt.

LaTeX Warning: Float too large for page by 14.89575pt on input line 97.

<images/vna.pdf, id=811, page=3, 845.1575pt x 598.235pt>
File: images/vna.pdf Graphic file (type pdf)
<use images/vna.pdf, page 3>
Package pdftex.def Info: images/vna.pdf , page3 used on input line 101.
(pdftex.def)             Requested size: 609.46242pt x 431.4135pt.

LaTeX Warning: Float too large for page by 14.89575pt on input line 104.

[46 <./images/vna_assembled.jpg>] [47 <./images/vna.pdf>] [48 <./images/vna.pdf
>] [49 <./images/vna.pdf>] [50 <./images/vna.pdf>] [51 <./images/vna.pdf>]
[52 <./images/vna.pdf>] [53 <./images/vna.pdf>] [54 <./images/vna.pdf>]
<images/vna_front_panel.jpg, id=854, 2264.46pt x 1079.53313pt>
File: images/vna_front_panel.jpg Graphic file (type jpg)
<use images/vna_front_panel.jpg>
Package pdftex.def Info: images/vna_front_panel.jpg  used on input line 112.
(pdftex.def)             Requested size: 352.81552pt x 168.18246pt.
<images/vna_back_panel.jpg, id=855, 410.2828pt x 149.05687pt>
File: images/vna_back_panel.jpg Graphic file (type jpg)
<use images/vna_back_panel.jpg>
Package pdftex.def Info: images/vna_back_panel.jpg  used on input line 119.
(pdftex.def)             Requested size: 374.86775pt x 136.1901pt.
<images/max_rework.jpg, id=856, 2273.49374pt x 1338.50063pt>
File: images/max_rework.jpg Graphic file (type jpg)
<use images/max_rework.jpg>
Package pdftex.def Info: images/max_rework.jpg  used on input line 126.
(pdftex.def)             Requested size: 308.71106pt x 181.75183pt.
<images/testing.jpg, id=857, 3551.2675pt x 2604.73125pt>
File: images/testing.jpg Graphic file (type jpg)
<use images/testing.jpg>
Package pdftex.def Info: images/testing.jpg  used on input line 134.
(pdftex.def)             Requested size: 441.01773pt x 323.44438pt.

[55


 <./images/vna_front_panel.jpg> <./images/vna_back_panel.jpg> <./images/max_rew
ork.jpg>]
<images/ecal_board.jpg, id=862, 945.91106pt x 593.02698pt>
File: images/ecal_board.jpg Graphic file (type jpg)
<use images/ecal_board.jpg>
Package pdftex.def Info: images/ecal_board.jpg  used on input line 141.
(pdftex.def)             Requested size: 396.91325pt x 248.83435pt.
<images/max_dev.jpg, id=863, 1238.91429pt x 825.94286pt>
File: images/max_dev.jpg Graphic file (type jpg)
<use images/max_dev.jpg>
Package pdftex.def Info: images/max_dev.jpg  used on input line 148.
(pdftex.def)             Requested size: 396.91325pt x 264.60957pt.
 [56 <./images/testing.jpg> <./images/ecal_board.jpg>]
<images/level_dev.jpg, id=868, 1039.65558pt x 754.4988pt>
File: images/level_dev.jpg Graphic file (type jpg)
<use images/level_dev.jpg>
Package pdftex.def Info: images/level_dev.jpg  used on input line 155.
(pdftex.def)             Requested size: 396.91325pt x 288.04799pt.
<images/coupler_dev.jpg, id=869, 1238.91429pt x 825.94286pt>
File: images/coupler_dev.jpg Graphic file (type jpg)
<use images/coupler_dev.jpg>
Package pdftex.def Info: images/coupler_dev.jpg  used on input line 162.
(pdftex.def)             Requested size: 396.91325pt x 264.60957pt.
) [57 <./images/max_dev.jpg> <./images/level_dev.jpg>] [58 <./images/coupler_de
v.jpg>]

AED: lastpage setting LastPage
Package atveryend Info: Empty hook `BeforeClearDocument' on input line 63.
Package atveryend Info: Empty hook `AfterLastShipout' on input line 63.
(thesis.aux)
Package atveryend Info: Executing hook `AtVeryEndDocument' on input line 63.
Package atveryend Info: Executing hook `AtEndAfterFileList' on input line 63.
Package rerunfilecheck Info: File `thesis.out' has not changed.
(rerunfilecheck)             Checksum: 432D147C481AC342278C57E28E78B7FC;3352.
Package atveryend Info: Empty hook `AtVeryVeryEnd' on input line 63.
Package logreq Info: Writing requests to 'thesis.run.xml'.
\openout1 = `thesis.run.xml'.

 ) 
Here is how much of TeX's memory you used:
 50855 strings out of 492895
 1013734 string characters out of 3120464
 1631698 words of memory out of 3000000
 53781 multiletter control sequences out of 15000+200000
 543407 words of font info for 48 fonts, out of 3000000 for 9000
 1141 hyphenation exceptions out of 8191
 65i,16n,101p,1671b,2318s stack positions out of 5000i,500n,10000p,200000b,50000s
 <C:\Users\Josh Johnson\AppData\Local\MiKTeX\2.9\fonts/pk/ljfour/jknappen/ec/
dpi600\ectt1200.pk> <C:\Users\Josh Johnson\AppData\Local\MiKTeX\2.9\fonts/pk/lj
four/jknappen/ec/dpi720\ecbx1200.pk> <C:\Users\Josh Johnson\AppData\Local\MiKTe
X\2.9\fonts/pk/ljfour/jknappen/ec/dpi600\ecbx0800.pk> <C:\Users\Josh Johnson\Ap
pData\Local\MiKTeX\2.9\fonts/pk/ljfour/jknappen/ec/dpi600\ecbx1200.pk> <C:\User
s\Josh Johnson\AppData\Local\MiKTeX\2.9\fonts/pk/ljfour/jknappen/ec/dpi600\ecrm
0800.pk> <C:\Users\Josh Johnson\AppData\Local\MiKTeX\2.9\fonts/pk/ljfour/jknapp
en/ec/dpi657\ecrm1000.pk> <C:\Users\Josh Johnson\AppData\Local\MiKTeX\2.9\fonts
/pk/ljfour/jknappen/ec/dpi720\ecrm1200.pk> <C:\Users\Josh Johnson\AppData\Local
\MiKTeX\2.9\fonts/pk/ljfour/jknappen/ec/dpi600\ecrm1200.pk> <C:\Users\Josh John
son\AppData\Local\MiKTeX\2.9\fonts/pk/ljfour/jknappen/ec/dpi600\ecrm1728.pk> <C
:\Users\Josh Johnson\AppData\Local\MiKTeX\2.9\fonts/pk/ljfour/jknappen/ec/dpi86
4\ecbx1200.pk><C:/Users/Josh Johnson/AppData/Local/Programs/MiKTeX 2.9/fonts/ty
pe1/public/amsfonts/cm/cmmi12.pfb><C:/Users/Josh Johnson/AppData/Local/Programs
/MiKTeX 2.9/fonts/type1/public/amsfonts/cm/cmr12.pfb><C:/Users/Josh Johnson/App
Data/Local/Programs/MiKTeX 2.9/fonts/type1/public/amsfonts/cm/cmr8.pfb><C:/User
s/Josh Johnson/AppData/Local/Programs/MiKTeX 2.9/fonts/type1/public/amsfonts/cm
/cmsy10.pfb><C:/Users/Josh Johnson/AppData/Local/Programs/MiKTeX 2.9/fonts/type
1/public/amsfonts/cm/cmsy8.pfb>
Output written on thesis.pdf (68 pages, 22307682 bytes).
PDF statistics:
 1313 PDF objects out of 1440 (max. 8388607)
 180 named destinations out of 1000 (max. 500000)
 741 words of extra memory for PDF output out of 10000 (max. 10000000)

